cyanrip 0.9.3-uf0.6 (661d8f0)
Drive used:     error retrieving drive info
System device:  /dev/rdisk30
Offset:         +6 samples
Overread:       +1 frame
Overread mode:  fill with silence in lead-in/lead-out
Speed:          default (unchangeable)
C2 errors:      unsupported by drive
Paranoia level: max
Frame retries:  10
HDCD decoding:  disabled
Album Art:      Front (From: Cover Art DB)
Outputs:        flac
Disc number:    1
Total discs:    1
Disc tracks:    13
Tracks to rip:  all
DiscID:         IBy1Fhp2mOBvvfA6W.XMOE7s7T8-
Release ID:     9c8f2254-898b-468d-9a93-f49e1c99468b
CDDB ID:        B30CA70D
Album:          Snipe Hunter
Album artist:   Tyler Childers
AccurateRip:    found
Total time:     00:53:59.533

Gaps:
    0 frame pregap in track 1, unmerged
    0 frame pregap in track 2, merging into track 1
    0 frame pregap in track 3, merging into track 2
    0 frame pregap in track 4, merging into track 3
    0 frame pregap in track 5, merging into track 4
    0 frame pregap in track 6, merging into track 5
    0 frame pregap in track 7, merging into track 6
    0 frame pregap in track 8, merging into track 7
    0 frame pregap in track 9, merging into track 8
    0 frame pregap in track 10, merging into track 9
    0 frame pregap in track 11, merging into track 10
    0 frame pregap in track 12, merging into track 11
    0 frame pregap in track 13, merging into track 12

Cover art destination(s):
    Snipe Hunter [FLAC]/Front.jpg

Tracks:
Track 1 ripped and encoded successfully!
Summary:

  Integrated loudness:
    I:          -7.5 LUFS
    Threshold: -17.6 LUFS

  Loudness range:
    LRA:         2.0 LU
    Threshold: -27.5 LUFS
    LRA low:    -8.8 LUFS
    LRA high:   -6.8 LUFS

  Sample peak:
    Peak:       -0.1 dBFS

  True peak:
    Peak:       -0.0 dBFS

  Sample peak relative amplitude (calculated from ebur128 dBFS):
    Peak:        0.988007

  Sample peak relative amplitude (precise):
    Peak:        0.988007

  True peak relative amplitude (calculated from ebur128 dBFS):
    Peak:        0.997290

  Preemphasis:   none detected

  Properties:
    Duration:    00:04:45.466
    Samples:     12589080
    Frames:      21410
    Pregap LSN:  0 (duration: 00:00:02.000)
    Start LSN:   0
    End LSN:     21409 (with offset: 21410)

  EAC CRC32:     EF6F7E64
  Accurip:       disc found in database (max confidence: 7)
    Accurip v1:  485A4326
    Accurip v2:  D8BE9258 (accurately ripped, confidence 7)

  Metadata:
    mbid:                          fdc1e719-bf03-4401-a40d-b563657c844d
    title:                         Eatin’ Big Time
    artist:                        Tyler Childers
    track:                         1
    tracktotal:                    13
    musicbrainz_discid:            IBy1Fhp2mOBvvfA6W.XMOE7s7T8-
    cddb:                          B30CA70D
    media:                         CD
    comment:                       cyanrip 0.9.3-uf0.6
    date:                          2025-07-25
    musicbrainz_albumid:           9c8f2254-898b-468d-9a93-f49e1c99468b
    format:                        CD
    barcode:                       198029243123
    packaging:                     Gatefold Cover
    country:                       US
    releasestatus:                 Official
    album_artist:                  Tyler Childers
    totaldiscs:                    1
    disc:                          1
    album:                         Snipe Hunter
    creation_time:                 2025-10-08T01:17:47
    REPLAYGAIN_TRACK_GAIN:         -10.52 dB
    R128_TRACK_GAIN:               -1414
    REPLAYGAIN_TRACK_RANGE:        1.96 dB
    REPLAYGAIN_TRACK_PEAK:         0.997290
    REPLAYGAIN_REFERENCE_LOUDNESS: -18.00 LUFS

  Embedded cover art:
    Front: 599x535 Motion JPEG

  File(s):
    Snipe Hunter [FLAC]/01 - Eatin’ Big Time.flac

Track 2 ripped and encoded successfully!
Summary:

  Integrated loudness:
    I:          -8.5 LUFS
    Threshold: -18.7 LUFS

  Loudness range:
    LRA:         3.4 LU
    Threshold: -28.7 LUFS
    LRA low:   -10.6 LUFS
    LRA high:   -7.2 LUFS

  Sample peak:
    Peak:       -0.1 dBFS

  True peak:
    Peak:       -0.0 dBFS

  Sample peak relative amplitude (calculated from ebur128 dBFS):
    Peak:        0.987732

  Sample peak relative amplitude (precise):
    Peak:        0.992584

  True peak relative amplitude (calculated from ebur128 dBFS):
    Peak:        0.995570

  Preemphasis:   none detected

  Properties:
    Duration:    00:03:45.853
    Samples:     9960132
    Frames:      16939
    Pregap LSN:  21410 (duration: 00:00:00.000)
    Start LSN:   21410
    End LSN:     38348 (with offset: 38349)

  EAC CRC32:     58B7F95A
  Accurip:       disc found in database (max confidence: 7)
    Accurip v1:  8C441E73
    Accurip v2:  B955B9B1 (accurately ripped, confidence 7)

  Metadata:
    mbid:                          42a936a2-6a30-475b-9d7e-e47fc1b2623f
    title:                         Cuttin’ Teeth
    artist:                        Tyler Childers
    track:                         2
    tracktotal:                    13
    musicbrainz_discid:            IBy1Fhp2mOBvvfA6W.XMOE7s7T8-
    cddb:                          B30CA70D
    media:                         CD
    comment:                       cyanrip 0.9.3-uf0.6
    date:                          2025-07-25
    musicbrainz_albumid:           9c8f2254-898b-468d-9a93-f49e1c99468b
    format:                        CD
    barcode:                       198029243123
    packaging:                     Gatefold Cover
    country:                       US
    releasestatus:                 Official
    album_artist:                  Tyler Childers
    totaldiscs:                    1
    disc:                          1
    album:                         Snipe Hunter
    creation_time:                 2025-10-08T01:19:04
    REPLAYGAIN_TRACK_GAIN:         -9.49 dB
    R128_TRACK_GAIN:               -1148
    REPLAYGAIN_TRACK_RANGE:        3.39 dB
    REPLAYGAIN_TRACK_PEAK:         0.995570
    REPLAYGAIN_REFERENCE_LOUDNESS: -18.00 LUFS

  Embedded cover art:
    Front: 599x535 Motion JPEG

  File(s):
    Snipe Hunter [FLAC]/02 - Cuttin’ Teeth.flac

Track 3 ripped and encoded successfully!
Summary:

  Integrated loudness:
    I:          -8.2 LUFS
    Threshold: -18.7 LUFS

  Loudness range:
    LRA:         8.8 LU
    Threshold: -28.6 LUFS
    LRA low:   -15.2 LUFS
    LRA high:   -6.3 LUFS

  Sample peak:
    Peak:       -0.1 dBFS

  True peak:
    Peak:       -0.1 dBFS

  Sample peak relative amplitude (calculated from ebur128 dBFS):
    Peak:        0.989777

  Sample peak relative amplitude (precise):
    Peak:        0.989777

  True peak relative amplitude (calculated from ebur128 dBFS):
    Peak:        0.994207

  Preemphasis:   none detected

  Properties:
    Duration:    00:04:38.213
    Samples:     12269208
    Frames:      20866
    Pregap LSN:  38349 (duration: 00:00:00.000)
    Start LSN:   38349
    End LSN:     59214 (with offset: 59215)

  EAC CRC32:     73377B04
  Accurip:       disc found in database (max confidence: 7)
    Accurip v1:  6717EFE3
    Accurip v2:  35FCDF7E (accurately ripped, confidence 7)

  Metadata:
    mbid:                          97da108d-d253-4057-b304-972748fabe65
    title:                         Oneida
    artist:                        Tyler Childers
    track:                         3
    tracktotal:                    13
    musicbrainz_discid:            IBy1Fhp2mOBvvfA6W.XMOE7s7T8-
    cddb:                          B30CA70D
    media:                         CD
    comment:                       cyanrip 0.9.3-uf0.6
    date:                          2025-07-25
    musicbrainz_albumid:           9c8f2254-898b-468d-9a93-f49e1c99468b
    format:                        CD
    barcode:                       198029243123
    packaging:                     Gatefold Cover
    country:                       US
    releasestatus:                 Official
    album_artist:                  Tyler Childers
    totaldiscs:                    1
    disc:                          1
    album:                         Snipe Hunter
    creation_time:                 2025-10-08T01:20:25
    REPLAYGAIN_TRACK_GAIN:         -9.79 dB
    R128_TRACK_GAIN:               -1227
    REPLAYGAIN_TRACK_RANGE:        8.85 dB
    REPLAYGAIN_TRACK_PEAK:         0.994207
    REPLAYGAIN_REFERENCE_LOUDNESS: -18.00 LUFS

  Embedded cover art:
    Front: 599x535 Motion JPEG

  File(s):
    Snipe Hunter [FLAC]/03 - Oneida.flac

Track 4 ripped and encoded successfully!
Summary:

  Integrated loudness:
    I:          -7.4 LUFS
    Threshold: -17.4 LUFS

  Loudness range:
    LRA:         1.6 LU
    Threshold: -27.4 LUFS
    LRA low:    -8.1 LUFS
    LRA high:   -6.6 LUFS

  Sample peak:
    Peak:       -0.1 dBFS

  True peak:
    Peak:       -0.1 dBFS

  Sample peak relative amplitude (calculated from ebur128 dBFS):
    Peak:        0.987976

  Sample peak relative amplitude (precise):
    Peak:        0.991974

  True peak relative amplitude (calculated from ebur128 dBFS):
    Peak:        0.986680

  Preemphasis:   none detected

  Properties:
    Duration:    00:04:30.000
    Samples:     11907000
    Frames:      20250
    Pregap LSN:  59215 (duration: 00:00:00.000)
    Start LSN:   59215
    End LSN:     79464 (with offset: 79465)

  EAC CRC32:     17C36231
  Accurip:       disc found in database (max confidence: 7)
    Accurip v1:  47F9B4CB
    Accurip v2:  CB6E72B1 (accurately ripped, confidence 7)

  Metadata:
    mbid:                          83c51f8f-0e7a-4771-9438-705dfe15978a
    title:                         Getting to the Bottom
    artist:                        Tyler Childers
    track:                         4
    tracktotal:                    13
    musicbrainz_discid:            IBy1Fhp2mOBvvfA6W.XMOE7s7T8-
    cddb:                          B30CA70D
    media:                         CD
    comment:                       cyanrip 0.9.3-uf0.6
    date:                          2025-07-25
    musicbrainz_albumid:           9c8f2254-898b-468d-9a93-f49e1c99468b
    format:                        CD
    barcode:                       198029243123
    packaging:                     Gatefold Cover
    country:                       US
    releasestatus:                 Official
    album_artist:                  Tyler Childers
    totaldiscs:                    1
    disc:                          1
    album:                         Snipe Hunter
    creation_time:                 2025-10-08T01:21:55
    REPLAYGAIN_TRACK_GAIN:         -10.63 dB
    R128_TRACK_GAIN:               -1440
    REPLAYGAIN_TRACK_RANGE:        1.58 dB
    REPLAYGAIN_TRACK_PEAK:         0.986680
    REPLAYGAIN_REFERENCE_LOUDNESS: -18.00 LUFS

  Embedded cover art:
    Front: 599x535 Motion JPEG

  File(s):
    Snipe Hunter [FLAC]/04 - Getting to the Bottom.flac

Track 5 ripped and encoded successfully!
Summary:

  Integrated loudness:
    I:          -7.9 LUFS
    Threshold: -18.0 LUFS

  Loudness range:
    LRA:         3.0 LU
    Threshold: -28.0 LUFS
    LRA low:    -9.9 LUFS
    LRA high:   -6.9 LUFS

  Sample peak:
    Peak:       -0.0 dBFS

  True peak:
    Peak:       -0.0 dBFS

  Sample peak relative amplitude (calculated from ebur128 dBFS):
    Peak:        0.996307

  Sample peak relative amplitude (precise):
    Peak:        0.996307

  True peak relative amplitude (calculated from ebur128 dBFS):
    Peak:        0.996875

  Preemphasis:   none detected

  Properties:
    Duration:    00:02:56.800
    Samples:     7796880
    Frames:      13260
    Pregap LSN:  79465 (duration: 00:00:00.000)
    Start LSN:   79465
    End LSN:     92724 (with offset: 92725)

  EAC CRC32:     3D828F64
  Accurip:       disc found in database (max confidence: 7)
    Accurip v1:  8CAE662B
    Accurip v2:  52829124 (accurately ripped, confidence 7)

  Metadata:
    mbid:                          fc22f307-7a59-4cd6-ad53-8de6c58fc53c
    title:                         Bitin’ List
    artist:                        Tyler Childers
    track:                         5
    tracktotal:                    13
    musicbrainz_discid:            IBy1Fhp2mOBvvfA6W.XMOE7s7T8-
    cddb:                          B30CA70D
    media:                         CD
    comment:                       cyanrip 0.9.3-uf0.6
    date:                          2025-07-25
    musicbrainz_albumid:           9c8f2254-898b-468d-9a93-f49e1c99468b
    format:                        CD
    barcode:                       198029243123
    packaging:                     Gatefold Cover
    country:                       US
    releasestatus:                 Official
    album_artist:                  Tyler Childers
    totaldiscs:                    1
    disc:                          1
    album:                         Snipe Hunter
    creation_time:                 2025-10-08T01:23:23
    REPLAYGAIN_TRACK_GAIN:         -10.13 dB
    R128_TRACK_GAIN:               -1314
    REPLAYGAIN_TRACK_RANGE:        2.98 dB
    REPLAYGAIN_TRACK_PEAK:         0.996875
    REPLAYGAIN_REFERENCE_LOUDNESS: -18.00 LUFS

  Embedded cover art:
    Front: 599x535 Motion JPEG

  File(s):
    Snipe Hunter [FLAC]/05 - Bitin’ List.flac

Track 6 ripped and encoded successfully!
Summary:

  Integrated loudness:
    I:         -10.4 LUFS
    Threshold: -20.6 LUFS

  Loudness range:
    LRA:         5.3 LU
    Threshold: -30.6 LUFS
    LRA low:   -13.7 LUFS
    LRA high:   -8.4 LUFS

  Sample peak:
    Peak:       -0.2 dBFS

  True peak:
    Peak:       -0.2 dBFS

  Sample peak relative amplitude (calculated from ebur128 dBFS):
    Peak:        0.972656

  Sample peak relative amplitude (precise):
    Peak:        0.978943

  True peak relative amplitude (calculated from ebur128 dBFS):
    Peak:        0.974951

  Preemphasis:   none detected

  Properties:
    Duration:    00:02:55.973
    Samples:     7760424
    Frames:      13198
    Pregap LSN:  92725 (duration: 00:00:00.000)
    Start LSN:   92725
    End LSN:     105922 (with offset: 105923)

  EAC CRC32:     C006E232
  Accurip:       disc found in database (max confidence: 7)
    Accurip v1:  58AE225E
    Accurip v2:  B03D55CA (accurately ripped, confidence 7)

  Metadata:
    mbid:                          1b6b5610-9d09-4631-9293-04dcde0ebe7e
    title:                         Nose on the Grindstone
    artist:                        Tyler Childers
    track:                         6
    tracktotal:                    13
    musicbrainz_discid:            IBy1Fhp2mOBvvfA6W.XMOE7s7T8-
    cddb:                          B30CA70D
    media:                         CD
    comment:                       cyanrip 0.9.3-uf0.6
    date:                          2025-07-25
    musicbrainz_albumid:           9c8f2254-898b-468d-9a93-f49e1c99468b
    format:                        CD
    barcode:                       198029243123
    packaging:                     Gatefold Cover
    country:                       US
    releasestatus:                 Official
    album_artist:                  Tyler Childers
    totaldiscs:                    1
    disc:                          1
    album:                         Snipe Hunter
    creation_time:                 2025-10-08T01:24:16
    REPLAYGAIN_TRACK_GAIN:         -7.63 dB
    R128_TRACK_GAIN:               -674
    REPLAYGAIN_TRACK_RANGE:        5.30 dB
    REPLAYGAIN_TRACK_PEAK:         0.974951
    REPLAYGAIN_REFERENCE_LOUDNESS: -18.00 LUFS

  Embedded cover art:
    Front: 599x535 Motion JPEG

  File(s):
    Snipe Hunter [FLAC]/06 - Nose on the Grindstone.flac

Track 7 ripped and encoded successfully!
Summary:

  Integrated loudness:
    I:          -8.2 LUFS
    Threshold: -18.3 LUFS

  Loudness range:
    LRA:         3.3 LU
    Threshold: -28.3 LUFS
    LRA low:   -10.5 LUFS
    LRA high:   -7.3 LUFS

  Sample peak:
    Peak:       -0.1 dBFS

  True peak:
    Peak:       -0.1 dBFS

  Sample peak relative amplitude (calculated from ebur128 dBFS):
    Peak:        0.983490

  Sample peak relative amplitude (precise):
    Peak:        0.994446

  True peak relative amplitude (calculated from ebur128 dBFS):
    Peak:        0.983482

  Preemphasis:   none detected

  Properties:
    Duration:    00:03:44.626
    Samples:     9906036
    Frames:      16847
    Pregap LSN:  105923 (duration: 00:00:00.000)
    Start LSN:   105923
    End LSN:     122769 (with offset: 122770)

  EAC CRC32:     89184F42
  Accurip:       disc found in database (max confidence: 7)
    Accurip v1:  9B19A19D
    Accurip v2:  957D25AD (accurately ripped, confidence 7)

  Metadata:
    mbid:                          1195bb57-f5bf-4eb5-9bcd-3d43943a7674
    title:                         Watch Out
    artist:                        Tyler Childers
    track:                         7
    tracktotal:                    13
    musicbrainz_discid:            IBy1Fhp2mOBvvfA6W.XMOE7s7T8-
    cddb:                          B30CA70D
    media:                         CD
    comment:                       cyanrip 0.9.3-uf0.6
    date:                          2025-07-25
    musicbrainz_albumid:           9c8f2254-898b-468d-9a93-f49e1c99468b
    format:                        CD
    barcode:                       198029243123
    packaging:                     Gatefold Cover
    country:                       US
    releasestatus:                 Official
    album_artist:                  Tyler Childers
    totaldiscs:                    1
    disc:                          1
    album:                         Snipe Hunter
    creation_time:                 2025-10-08T01:25:08
    REPLAYGAIN_TRACK_GAIN:         -9.84 dB
    R128_TRACK_GAIN:               -1240
    REPLAYGAIN_TRACK_RANGE:        3.27 dB
    REPLAYGAIN_TRACK_PEAK:         0.983482
    REPLAYGAIN_REFERENCE_LOUDNESS: -18.00 LUFS

  Embedded cover art:
    Front: 599x535 Motion JPEG

  File(s):
    Snipe Hunter [FLAC]/07 - Watch Out.flac

Track 8 ripped and encoded successfully!
Summary:

  Integrated loudness:
    I:          -7.5 LUFS
    Threshold: -17.6 LUFS

  Loudness range:
    LRA:         1.7 LU
    Threshold: -27.6 LUFS
    LRA low:    -8.2 LUFS
    LRA high:   -6.6 LUFS

  Sample peak:
    Peak:       -0.1 dBFS

  True peak:
    Peak:       -0.1 dBFS

  Sample peak relative amplitude (calculated from ebur128 dBFS):
    Peak:        0.984283

  Sample peak relative amplitude (precise):
    Peak:        0.984283

  True peak relative amplitude (calculated from ebur128 dBFS):
    Peak:        0.986689

  Preemphasis:   none detected

  Properties:
    Duration:    00:04:47.226
    Samples:     12666696
    Frames:      21542
    Pregap LSN:  122770 (duration: 00:00:00.000)
    Start LSN:   122770
    End LSN:     144311 (with offset: 144312)

  EAC CRC32:     DAF175BF
  Accurip:       disc found in database (max confidence: 7)
    Accurip v1:  45490116
    Accurip v2:  CDA81ACD (accurately ripped, confidence 7)

  Metadata:
    mbid:                          ccef1712-24af-4d9f-aaa5-9aeed227f220
    title:                         Down Under
    artist:                        Tyler Childers
    track:                         8
    tracktotal:                    13
    musicbrainz_discid:            IBy1Fhp2mOBvvfA6W.XMOE7s7T8-
    cddb:                          B30CA70D
    media:                         CD
    comment:                       cyanrip 0.9.3-uf0.6
    date:                          2025-07-25
    musicbrainz_albumid:           9c8f2254-898b-468d-9a93-f49e1c99468b
    format:                        CD
    barcode:                       198029243123
    packaging:                     Gatefold Cover
    country:                       US
    releasestatus:                 Official
    album_artist:                  Tyler Childers
    totaldiscs:                    1
    disc:                          1
    album:                         Snipe Hunter
    creation_time:                 2025-10-08T01:26:12
    REPLAYGAIN_TRACK_GAIN:         -10.54 dB
    R128_TRACK_GAIN:               -1418
    REPLAYGAIN_TRACK_RANGE:        1.68 dB
    REPLAYGAIN_TRACK_PEAK:         0.986689
    REPLAYGAIN_REFERENCE_LOUDNESS: -18.00 LUFS

  Embedded cover art:
    Front: 599x535 Motion JPEG

  File(s):
    Snipe Hunter [FLAC]/08 - Down Under.flac

Track 9 ripped and encoded successfully!
Summary:

  Integrated loudness:
    I:          -8.3 LUFS
    Threshold: -18.4 LUFS

  Loudness range:
    LRA:         2.2 LU
    Threshold: -28.4 LUFS
    LRA low:    -9.5 LUFS
    LRA high:   -7.3 LUFS

  Sample peak:
    Peak:       -0.1 dBFS

  True peak:
    Peak:       -0.1 dBFS

  Sample peak relative amplitude (calculated from ebur128 dBFS):
    Peak:        0.986908

  Sample peak relative amplitude (precise):
    Peak:        0.986908

  True peak relative amplitude (calculated from ebur128 dBFS):
    Peak:        0.986014

  Preemphasis:   none detected

  Properties:
    Duration:    00:04:09.133
    Samples:     10986780
    Frames:      18685
    Pregap LSN:  144312 (duration: 00:00:00.000)
    Start LSN:   144312
    End LSN:     162996 (with offset: 162997)

  EAC CRC32:     94C32AB0
  Accurip:       disc found in database (max confidence: 7)
    Accurip v1:  EF80DE94
    Accurip v2:  1F089601 (accurately ripped, confidence 7)

  Metadata:
    mbid:                          ddfde915-6966-46f3-b154-068c9cca2da5
    title:                         Poachers
    artist:                        Tyler Childers
    track:                         9
    tracktotal:                    13
    musicbrainz_discid:            IBy1Fhp2mOBvvfA6W.XMOE7s7T8-
    cddb:                          B30CA70D
    media:                         CD
    comment:                       cyanrip 0.9.3-uf0.6
    date:                          2025-07-25
    musicbrainz_albumid:           9c8f2254-898b-468d-9a93-f49e1c99468b
    format:                        CD
    barcode:                       198029243123
    packaging:                     Gatefold Cover
    country:                       US
    releasestatus:                 Official
    album_artist:                  Tyler Childers
    totaldiscs:                    1
    disc:                          1
    album:                         Snipe Hunter
    creation_time:                 2025-10-08T01:27:29
    REPLAYGAIN_TRACK_GAIN:         -9.73 dB
    R128_TRACK_GAIN:               -1210
    REPLAYGAIN_TRACK_RANGE:        2.19 dB
    REPLAYGAIN_TRACK_PEAK:         0.986014
    REPLAYGAIN_REFERENCE_LOUDNESS: -18.00 LUFS

  Embedded cover art:
    Front: 599x535 Motion JPEG

  File(s):
    Snipe Hunter [FLAC]/09 - Poachers.flac

Track 10 ripped and encoded successfully!
Summary:

  Integrated loudness:
    I:          -7.1 LUFS
    Threshold: -17.3 LUFS

  Loudness range:
    LRA:         1.1 LU
    Threshold: -27.3 LUFS
    LRA low:    -7.7 LUFS
    LRA high:   -6.6 LUFS

  Sample peak:
    Peak:       -0.1 dBFS

  True peak:
    Peak:       -0.1 dBFS

  Sample peak relative amplitude (calculated from ebur128 dBFS):
    Peak:        0.989807

  Sample peak relative amplitude (precise):
    Peak:        0.989807

  True peak relative amplitude (calculated from ebur128 dBFS):
    Peak:        0.990022

  Preemphasis:   none detected

  Properties:
    Duration:    00:03:49.466
    Samples:     10119480
    Frames:      17210
    Pregap LSN:  162997 (duration: 00:00:00.000)
    Start LSN:   162997
    End LSN:     180206 (with offset: 180207)

  EAC CRC32:     575EDCB3
  Accurip:       disc found in database (max confidence: 7)
    Accurip v1:  93ED504A
    Accurip v2:  58F13E37 (accurately ripped, confidence 7)

  Metadata:
    mbid:                          8d7f29ba-bcd5-4b7d-9054-ead8619e474b
    title:                         Snipe Hunt
    artist:                        Tyler Childers
    track:                         10
    tracktotal:                    13
    musicbrainz_discid:            IBy1Fhp2mOBvvfA6W.XMOE7s7T8-
    cddb:                          B30CA70D
    media:                         CD
    comment:                       cyanrip 0.9.3-uf0.6
    date:                          2025-07-25
    musicbrainz_albumid:           9c8f2254-898b-468d-9a93-f49e1c99468b
    format:                        CD
    barcode:                       198029243123
    packaging:                     Gatefold Cover
    country:                       US
    releasestatus:                 Official
    album_artist:                  Tyler Childers
    totaldiscs:                    1
    disc:                          1
    album:                         Snipe Hunter
    creation_time:                 2025-10-08T01:28:32
    REPLAYGAIN_TRACK_GAIN:         -10.88 dB
    R128_TRACK_GAIN:               -1504
    REPLAYGAIN_TRACK_RANGE:        1.10 dB
    REPLAYGAIN_TRACK_PEAK:         0.990022
    REPLAYGAIN_REFERENCE_LOUDNESS: -18.00 LUFS

  Embedded cover art:
    Front: 599x535 Motion JPEG

  File(s):
    Snipe Hunter [FLAC]/10 - Snipe Hunt.flac

Track 11 ripped and encoded successfully!
Summary:

  Integrated loudness:
    I:          -8.5 LUFS
    Threshold: -18.7 LUFS

  Loudness range:
    LRA:         2.2 LU
    Threshold: -28.7 LUFS
    LRA low:    -9.8 LUFS
    LRA high:   -7.6 LUFS

  Sample peak:
    Peak:       -0.1 dBFS

  True peak:
    Peak:       -0.1 dBFS

  Sample peak relative amplitude (calculated from ebur128 dBFS):
    Peak:        0.984589

  Sample peak relative amplitude (precise):
    Peak:        0.984589

  True peak relative amplitude (calculated from ebur128 dBFS):
    Peak:        0.986638

  Preemphasis:   none detected

  Properties:
    Duration:    00:04:42.759
    Samples:     12469716
    Frames:      21207
    Pregap LSN:  180207 (duration: 00:00:00.000)
    Start LSN:   180207
    End LSN:     201413 (with offset: 201414)

  EAC CRC32:     0054F08D
  Accurip:       disc found in database (max confidence: 7)
    Accurip v1:  EFE25539
    Accurip v2:  B9C4B6C3 (accurately ripped, confidence 7)

  Metadata:
    mbid:                          bed73872-63b4-49d1-a92e-ae7b1811afd4
    title:                         Tirtha Yatra
    artist:                        Tyler Childers
    track:                         11
    tracktotal:                    13
    musicbrainz_discid:            IBy1Fhp2mOBvvfA6W.XMOE7s7T8-
    cddb:                          B30CA70D
    media:                         CD
    comment:                       cyanrip 0.9.3-uf0.6
    date:                          2025-07-25
    musicbrainz_albumid:           9c8f2254-898b-468d-9a93-f49e1c99468b
    format:                        CD
    barcode:                       198029243123
    packaging:                     Gatefold Cover
    country:                       US
    releasestatus:                 Official
    album_artist:                  Tyler Childers
    totaldiscs:                    1
    disc:                          1
    album:                         Snipe Hunter
    creation_time:                 2025-10-08T01:29:30
    REPLAYGAIN_TRACK_GAIN:         -9.46 dB
    R128_TRACK_GAIN:               -1141
    REPLAYGAIN_TRACK_RANGE:        2.21 dB
    REPLAYGAIN_TRACK_PEAK:         0.986638
    REPLAYGAIN_REFERENCE_LOUDNESS: -18.00 LUFS

  Embedded cover art:
    Front: 599x535 Motion JPEG

  File(s):
    Snipe Hunter [FLAC]/11 - Tirtha Yatra.flac

Track 12 ripped and encoded successfully!
Summary:

  Integrated loudness:
    I:          -9.7 LUFS
    Threshold: -19.8 LUFS

  Loudness range:
    LRA:         3.5 LU
    Threshold: -29.7 LUFS
    LRA low:   -11.5 LUFS
    LRA high:   -8.0 LUFS

  Sample peak:
    Peak:       -1.3 dBFS

  True peak:
    Peak:       -1.3 dBFS

  Sample peak relative amplitude (calculated from ebur128 dBFS):
    Peak:        0.859039

  Sample peak relative amplitude (precise):
    Peak:        0.870697

  True peak relative amplitude (calculated from ebur128 dBFS):
    Peak:        0.860057

  Preemphasis:   none detected

  Properties:
    Duration:    00:04:42.973
    Samples:     12479124
    Frames:      21223
    Pregap LSN:  201414 (duration: 00:00:00.000)
    Start LSN:   201414
    End LSN:     222636 (with offset: 222637)

  EAC CRC32:     47A185A6
  Accurip:       disc found in database (max confidence: 7)
    Accurip v1:  D46455F3
    Accurip v2:  53F5E719 (accurately ripped, confidence 7)

  Metadata:
    mbid:                          cc1c8dc3-c58f-40b7-ae16-77713aaa3b50
    title:                         Tomcat and a Dandy
    artist:                        Tyler Childers
    track:                         12
    tracktotal:                    13
    musicbrainz_discid:            IBy1Fhp2mOBvvfA6W.XMOE7s7T8-
    cddb:                          B30CA70D
    media:                         CD
    comment:                       cyanrip 0.9.3-uf0.6
    date:                          2025-07-25
    musicbrainz_albumid:           9c8f2254-898b-468d-9a93-f49e1c99468b
    format:                        CD
    barcode:                       198029243123
    packaging:                     Gatefold Cover
    country:                       US
    releasestatus:                 Official
    album_artist:                  Tyler Childers
    totaldiscs:                    1
    disc:                          1
    album:                         Snipe Hunter
    creation_time:                 2025-10-08T01:30:34
    REPLAYGAIN_TRACK_GAIN:         -8.32 dB
    R128_TRACK_GAIN:               -849
    REPLAYGAIN_TRACK_RANGE:        3.49 dB
    REPLAYGAIN_TRACK_PEAK:         0.860057
    REPLAYGAIN_REFERENCE_LOUDNESS: -18.00 LUFS

  Embedded cover art:
    Front: 599x535 Motion JPEG

  File(s):
    Snipe Hunter [FLAC]/12 - Tomcat and a Dandy.flac

Track 13 ripped and encoded successfully!
Summary:

  Integrated loudness:
    I:          -9.2 LUFS
    Threshold: -19.4 LUFS

  Loudness range:
    LRA:         6.3 LU
    Threshold: -29.3 LUFS
    LRA low:   -13.9 LUFS
    LRA high:   -7.6 LUFS

  Sample peak:
    Peak:       -0.1 dBFS

  True peak:
    Peak:       -0.1 dBFS

  Sample peak relative amplitude (calculated from ebur128 dBFS):
    Peak:        0.986694

  Sample peak relative amplitude (precise):
    Peak:        0.986694

  True peak relative amplitude (calculated from ebur128 dBFS):
    Peak:        0.987330

  Preemphasis:   none detected

  Properties:
    Duration:    00:04:31.040
    Samples:     11952864
    Frames:      20328
    Pregap LSN:  222637 (duration: 00:00:00.000)
    Start LSN:   222637
    End LSN:     242964
    Appended:    1 frames of silence

  EAC CRC32:     C2E50368
  Accurip:       disc found in database (max confidence: 7)
    Accurip v1:  90A31844
    Accurip v2:  6B0C1385 (accurately ripped, confidence 7)

  Metadata:
    mbid:                          c604ca70-ba14-42c4-9d61-9a23b29f67db
    title:                         Dirty Ought Trill
    artist:                        Tyler Childers
    track:                         13
    tracktotal:                    13
    musicbrainz_discid:            IBy1Fhp2mOBvvfA6W.XMOE7s7T8-
    cddb:                          B30CA70D
    media:                         CD
    comment:                       cyanrip 0.9.3-uf0.6
    date:                          2025-07-25
    musicbrainz_albumid:           9c8f2254-898b-468d-9a93-f49e1c99468b
    format:                        CD
    barcode:                       198029243123
    packaging:                     Gatefold Cover
    country:                       US
    releasestatus:                 Official
    album_artist:                  Tyler Childers
    totaldiscs:                    1
    disc:                          1
    album:                         Snipe Hunter
    creation_time:                 2025-10-08T01:31:38
    REPLAYGAIN_TRACK_GAIN:         -8.75 dB
    R128_TRACK_GAIN:               -961
    REPLAYGAIN_TRACK_RANGE:        6.27 dB
    REPLAYGAIN_TRACK_PEAK:         0.987330
    REPLAYGAIN_REFERENCE_LOUDNESS: -18.00 LUFS

  Embedded cover art:
    Front: 599x535 Motion JPEG

  File(s):
    Snipe Hunter [FLAC]/13 - Dirty Ought Trill.flac

Album Loudness Summary:

  Integrated loudness:
    I:          -8.2 LUFS
    Threshold: -18.4 LUFS

  Loudness range:
    LRA:         4.8 LU
    Threshold: -28.4 LUFS
    LRA low:   -11.5 LUFS
    LRA high:   -6.7 LUFS

  Sample peak:
    Peak:       -0.0 dBFS

  True peak:
    Peak:       -0.0 dBFS

Tracks ripped accurately: 13/13

Paranoia status counts:
  READ:          75583
  VERIFY:        15735
  FIXUP_EDGE:    5
  FIXUP_ATOM:    5
  OVERLAP:       3399

Ripping errors: 0
Ripping finished at 2025-10-08T01:32:36
Log FUN512: sd33aCCm90q1Pt5guZXmYU3OUObycpSptu8aNmIWEckONt2rsSTuwfcqxl8gv_MYz5C5HlOdpBSlJSSoJNQJSw
