cyanrip 0.9.3 (063d848)
System device:  H:
Device model:   HL-DT-ST DVDRAM GSA-T50N  RV06
Offset:         +667 samples
Overread:       +2 frames
Overread mode:  fill with silence in lead-in/lead-out
Speed:          default (unchangeable)
C2 errors:      supported by drive
Paranoia level: max
Frame retries:  10
HDCD decoding:  disabled
Album Art:      none
Outputs:        flac
Disc number:    1
Total discs:    1
Disc tracks:    18
Tracks to rip:  all
DiscID:         .vxPD0h0_Mh2xdcSnTLEbv9Nv2c-
Release ID:     6afcb340-ab27-4b52-ac1d-8080c4393c6a
CDDB ID:        E30CEB12
Disc MCN:       0000000000000
Album:          The Original Johnny Rivers
Album artist:   Johnny Rivers
AccurateRip:    not found
Total time:     00:55:07.330

Gaps:
    None signalled

Tracks:
Track 1 ripped and encoded successfully!
Summary:

  Integrated loudness:
    I:         -10.5 LUFS
    Threshold: -20.7 LUFS

  Loudness range:
    LRA:         5.2 LU
    Threshold: -30.7 LUFS
    LRA low:   -13.1 LUFS
    LRA high:   -7.8 LUFS

  True peak:
    Peak:        1.1 dBFS

  Preemphasis:   none detected

  Properties:
    Duration:    00:03:47.180
    Samples:     10034220
    Frames:      17065
    Pregap LSN:  none
    Start LSN:   0 (with offset: 1)
    End LSN:     17064 (with offset: 17066)

  EAC CRC32:     C42EB1B1
  Accurip:       not found
    Accurip v1:  5E90D7F1
    Accurip v2:  5E2BFB7F
    Accurip 450: 5FD5F406

  Metadata:
    mbid:                          2fb59496-bcf9-4607-8b88-e9bd3e24acf4
    title:                         Poor Side of Town
    artist:                        Johnny Rivers
    track:                         1
    tracktotal:                    18
    disc_mcn:                      0000000000000
    discid:                        .vxPD0h0_Mh2xdcSnTLEbv9Nv2c-
    cddb:                          E30CEB12
    media_type:                    CD
    comment:                       cyanrip 0.9.3
    date:                          1998-01-06
    release_id:                    6afcb340-ab27-4b52-ac1d-8080c4393c6a
    album:                         The Original Johnny Rivers
    barcode:                       0724348862525
    country:                       NL
    status:                        Official
    album_artist:                  Johnny Rivers
    totaldiscs:                    1
    disc:                          1
    format:                        CD
    creation_time:                 2025-09-24T15:28:47
    REPLAYGAIN_TRACK_GAIN:         -7.52 dB
    R128_TRACK_GAIN:               -646
    REPLAYGAIN_TRACK_RANGE:        5.24 dB
    REPLAYGAIN_TRACK_PEAK:         1.133120
    REPLAYGAIN_REFERENCE_LOUDNESS: -18.00 LUFS

  File(s):
    Johnny Rivers - The Original Johnny Rivers [1998] [CD FLAC]/01 - Poor Side of Town.flac

Track 2 ripped and encoded successfully!
Summary:

  Integrated loudness:
    I:         -12.4 LUFS
    Threshold: -22.5 LUFS

  Loudness range:
    LRA:         2.7 LU
    Threshold: -32.5 LUFS
    LRA low:   -13.5 LUFS
    LRA high:  -10.8 LUFS

  True peak:
    Peak:        0.8 dBFS

  Preemphasis:   none detected

  Properties:
    Duration:    00:02:32.120
    Samples:     6723192
    Frames:      11434
    Pregap LSN:  none
    Start LSN:   17065 (with offset: 17066)
    End LSN:     28498 (with offset: 28500)

  EAC CRC32:     E26597E0
  Accurip:       not found
    Accurip v1:  BDABEDF3
    Accurip v2:  9A8B393A
    Accurip 450: E45A0328

  Metadata:
    mbid:                          7d1988a1-1124-456d-a587-231295ddb9d2
    title:                         Memphis
    artist:                        Johnny Rivers
    track:                         2
    tracktotal:                    18
    disc_mcn:                      0000000000000
    discid:                        .vxPD0h0_Mh2xdcSnTLEbv9Nv2c-
    cddb:                          E30CEB12
    media_type:                    CD
    comment:                       cyanrip 0.9.3
    date:                          1998-01-06
    release_id:                    6afcb340-ab27-4b52-ac1d-8080c4393c6a
    album:                         The Original Johnny Rivers
    barcode:                       0724348862525
    country:                       NL
    status:                        Official
    album_artist:                  Johnny Rivers
    totaldiscs:                    1
    disc:                          1
    format:                        CD
    creation_time:                 2025-09-24T15:31:00
    REPLAYGAIN_TRACK_GAIN:         -5.58 dB
    R128_TRACK_GAIN:               -148
    REPLAYGAIN_TRACK_RANGE:        2.70 dB
    REPLAYGAIN_TRACK_PEAK:         1.101578
    REPLAYGAIN_REFERENCE_LOUDNESS: -18.00 LUFS

  File(s):
    Johnny Rivers - The Original Johnny Rivers [1998] [CD FLAC]/02 - Memphis.flac

Track 3 ripped and encoded successfully!
Summary:

  Integrated loudness:
    I:          -9.6 LUFS
    Threshold: -19.7 LUFS

  Loudness range:
    LRA:         2.6 LU
    Threshold: -29.8 LUFS
    LRA low:   -10.7 LUFS
    LRA high:   -8.1 LUFS

  True peak:
    Peak:        1.1 dBFS

  Preemphasis:   none detected

  Properties:
    Duration:    00:02:41.120
    Samples:     7132440
    Frames:      12130
    Pregap LSN:  none
    Start LSN:   28499 (with offset: 28500)
    End LSN:     40628 (with offset: 40630)

  EAC CRC32:     6C107566
  Accurip:       not found
    Accurip v1:  6E2AA904
    Accurip v2:  E857B2ED
    Accurip 450: 93472141

  Metadata:
    mbid:                          09dd134b-8901-484e-a9fb-da43288a7523
    title:                         Mountain of Love
    artist:                        Johnny Rivers
    track:                         3
    tracktotal:                    18
    disc_mcn:                      0000000000000
    discid:                        .vxPD0h0_Mh2xdcSnTLEbv9Nv2c-
    cddb:                          E30CEB12
    media_type:                    CD
    comment:                       cyanrip 0.9.3
    date:                          1998-01-06
    release_id:                    6afcb340-ab27-4b52-ac1d-8080c4393c6a
    album:                         The Original Johnny Rivers
    barcode:                       0724348862525
    country:                       NL
    status:                        Official
    album_artist:                  Johnny Rivers
    totaldiscs:                    1
    disc:                          1
    format:                        CD
    creation_time:                 2025-09-24T15:32:28
    REPLAYGAIN_TRACK_GAIN:         -8.39 dB
    R128_TRACK_GAIN:               -867
    REPLAYGAIN_TRACK_RANGE:        2.61 dB
    REPLAYGAIN_TRACK_PEAK:         1.136119
    REPLAYGAIN_REFERENCE_LOUDNESS: -18.00 LUFS

  File(s):
    Johnny Rivers - The Original Johnny Rivers [1998] [CD FLAC]/03 - Mountain of Love.flac

Track 4 ripped and encoded successfully!
Summary:

  Integrated loudness:
    I:         -11.4 LUFS
    Threshold: -21.5 LUFS

  Loudness range:
    LRA:         2.6 LU
    Threshold: -31.5 LUFS
    LRA low:   -12.8 LUFS
    LRA high:  -10.1 LUFS

  True peak:
    Peak:        2.3 dBFS

  Preemphasis:   none detected

  Properties:
    Duration:    00:03:06.180
    Samples:     8244348
    Frames:      14021
    Pregap LSN:  none
    Start LSN:   40629 (with offset: 40630)
    End LSN:     54649 (with offset: 54651)

  EAC CRC32:     6ABCB292
  Accurip:       not found
    Accurip v1:  2D3D1C64
    Accurip v2:  38731D8D
    Accurip 450: E327518A

  Metadata:
    mbid:                          b973db50-ad45-452b-b46f-dd381772040a
    title:                         Secret Agent Man
    artist:                        Johnny Rivers
    track:                         4
    tracktotal:                    18
    disc_mcn:                      0000000000000
    discid:                        .vxPD0h0_Mh2xdcSnTLEbv9Nv2c-
    cddb:                          E30CEB12
    media_type:                    CD
    comment:                       cyanrip 0.9.3
    date:                          1998-01-06
    release_id:                    6afcb340-ab27-4b52-ac1d-8080c4393c6a
    album:                         The Original Johnny Rivers
    barcode:                       0724348862525
    country:                       NL
    status:                        Official
    album_artist:                  Johnny Rivers
    totaldiscs:                    1
    disc:                          1
    format:                        CD
    creation_time:                 2025-09-24T15:33:59
    REPLAYGAIN_TRACK_GAIN:         -6.61 dB
    R128_TRACK_GAIN:               -412
    REPLAYGAIN_TRACK_RANGE:        2.63 dB
    REPLAYGAIN_TRACK_PEAK:         1.308464
    REPLAYGAIN_REFERENCE_LOUDNESS: -18.00 LUFS

  File(s):
    Johnny Rivers - The Original Johnny Rivers [1998] [CD FLAC]/04 - Secret Agent Man.flac

Track 5 ripped and encoded successfully!
Summary:

  Integrated loudness:
    I:         -11.4 LUFS
    Threshold: -21.6 LUFS

  Loudness range:
    LRA:         4.6 LU
    Threshold: -31.6 LUFS
    LRA low:   -14.0 LUFS
    LRA high:   -9.4 LUFS

  True peak:
    Peak:        1.1 dBFS

  Preemphasis:   none detected

  Properties:
    Duration:    00:02:50.120
    Samples:     7526988
    Frames:      12801
    Pregap LSN:  none
    Start LSN:   54650 (with offset: 54651)
    End LSN:     67450 (with offset: 67452)

  EAC CRC32:     E57BEA42
  Accurip:       not found
    Accurip v1:  226C5F25
    Accurip v2:  862F5B5D
    Accurip 450: 342B313D

  Metadata:
    mbid:                          aaaf2248-1cd8-43ec-84d7-35ab1b2b5d21
    title:                         Seventh Son
    artist:                        Johnny Rivers
    track:                         5
    tracktotal:                    18
    disc_mcn:                      0000000000000
    discid:                        .vxPD0h0_Mh2xdcSnTLEbv9Nv2c-
    cddb:                          E30CEB12
    media_type:                    CD
    comment:                       cyanrip 0.9.3
    date:                          1998-01-06
    release_id:                    6afcb340-ab27-4b52-ac1d-8080c4393c6a
    album:                         The Original Johnny Rivers
    barcode:                       0724348862525
    country:                       NL
    status:                        Official
    album_artist:                  Johnny Rivers
    totaldiscs:                    1
    disc:                          1
    format:                        CD
    creation_time:                 2025-09-24T15:35:45
    REPLAYGAIN_TRACK_GAIN:         -6.57 dB
    R128_TRACK_GAIN:               -401
    REPLAYGAIN_TRACK_RANGE:        4.55 dB
    REPLAYGAIN_TRACK_PEAK:         1.140149
    REPLAYGAIN_REFERENCE_LOUDNESS: -18.00 LUFS

  File(s):
    Johnny Rivers - The Original Johnny Rivers [1998] [CD FLAC]/05 - Seventh Son.flac

Track 6 ripped and encoded successfully!
Summary:

  Integrated loudness:
    I:         -11.0 LUFS
    Threshold: -21.2 LUFS

  Loudness range:
    LRA:         8.4 LU
    Threshold: -31.2 LUFS
    LRA low:   -15.7 LUFS
    LRA high:   -7.3 LUFS

  True peak:
    Peak:        0.7 dBFS

  Preemphasis:   none detected

  Properties:
    Duration:    00:03:19.180
    Samples:     8817060
    Frames:      14995
    Pregap LSN:  none
    Start LSN:   67451 (with offset: 67452)
    End LSN:     82445 (with offset: 82447)

  EAC CRC32:     CC21251E
  Accurip:       not found
    Accurip v1:  E12FCA7B
    Accurip v2:  C40395C8
    Accurip 450: A95749C8

  Metadata:
    mbid:                          f960e176-ac15-408e-a514-3f6199620a59
    title:                         Baby I Need Your Loving
    artist:                        Johnny Rivers
    track:                         6
    tracktotal:                    18
    disc_mcn:                      0000000000000
    discid:                        .vxPD0h0_Mh2xdcSnTLEbv9Nv2c-
    cddb:                          E30CEB12
    media_type:                    CD
    comment:                       cyanrip 0.9.3
    date:                          1998-01-06
    release_id:                    6afcb340-ab27-4b52-ac1d-8080c4393c6a
    album:                         The Original Johnny Rivers
    barcode:                       0724348862525
    country:                       NL
    status:                        Official
    album_artist:                  Johnny Rivers
    totaldiscs:                    1
    disc:                          1
    format:                        CD
    creation_time:                 2025-09-24T15:37:19
    REPLAYGAIN_TRACK_GAIN:         -7.03 dB
    R128_TRACK_GAIN:               -520
    REPLAYGAIN_TRACK_RANGE:        8.45 dB
    REPLAYGAIN_TRACK_PEAK:         1.084718
    REPLAYGAIN_REFERENCE_LOUDNESS: -18.00 LUFS

  File(s):
    Johnny Rivers - The Original Johnny Rivers [1998] [CD FLAC]/06 - Baby I Need Your Loving.flac

Track 7 ripped and encoded successfully!
Summary:

  Integrated loudness:
    I:         -10.0 LUFS
    Threshold: -20.2 LUFS

  Loudness range:
    LRA:         4.9 LU
    Threshold: -30.2 LUFS
    LRA low:   -12.9 LUFS
    LRA high:   -8.0 LUFS

  True peak:
    Peak:        0.6 dBFS

  Preemphasis:   none detected

  Properties:
    Duration:    00:02:58.120
    Samples:     7889196
    Frames:      13417
    Pregap LSN:  none
    Start LSN:   82446 (with offset: 82447)
    End LSN:     95862 (with offset: 95864)

  EAC CRC32:     BDB331E0
  Accurip:       not found
    Accurip v1:  EA3E54CF
    Accurip v2:  CC7A4288
    Accurip 450: F21160A2

  Metadata:
    mbid:                          c4acaafe-36e5-40a5-914d-b3b71c379a2d
    title:                         The Tracks of My Tears
    artist:                        Johnny Rivers
    track:                         7
    tracktotal:                    18
    disc_mcn:                      0000000000000
    discid:                        .vxPD0h0_Mh2xdcSnTLEbv9Nv2c-
    cddb:                          E30CEB12
    media_type:                    CD
    comment:                       cyanrip 0.9.3
    date:                          1998-01-06
    release_id:                    6afcb340-ab27-4b52-ac1d-8080c4393c6a
    album:                         The Original Johnny Rivers
    barcode:                       0724348862525
    country:                       NL
    status:                        Official
    album_artist:                  Johnny Rivers
    totaldiscs:                    1
    disc:                          1
    format:                        CD
    creation_time:                 2025-09-24T15:39:06
    REPLAYGAIN_TRACK_GAIN:         -7.98 dB
    R128_TRACK_GAIN:               -762
    REPLAYGAIN_TRACK_RANGE:        4.87 dB
    REPLAYGAIN_TRACK_PEAK:         1.070094
    REPLAYGAIN_REFERENCE_LOUDNESS: -18.00 LUFS

  File(s):
    Johnny Rivers - The Original Johnny Rivers [1998] [CD FLAC]/07 - The Tracks of My Tears.flac

Track 8 ripped and encoded successfully!
Summary:

  Integrated loudness:
    I:         -10.6 LUFS
    Threshold: -20.7 LUFS

  Loudness range:
    LRA:         4.9 LU
    Threshold: -30.7 LUFS
    LRA low:   -13.7 LUFS
    LRA high:   -8.8 LUFS

  True peak:
    Peak:        2.3 dBFS

  Preemphasis:   none detected

  Properties:
    Duration:    00:02:16.120
    Samples:     6015828
    Frames:      10231
    Pregap LSN:  none
    Start LSN:   95863 (with offset: 95864)
    End LSN:     106093 (with offset: 106095)

  EAC CRC32:     DE10E7B4
  Accurip:       not found
    Accurip v1:  3FFE366E
    Accurip v2:  A1588B0B
    Accurip 450: 6C90C117

  Metadata:
    mbid:                          698e6e4a-3bd1-4ccc-894b-c7f9ea50d257
    title:                         Maybelline
    artist:                        Johnny Rivers
    track:                         8
    tracktotal:                    18
    disc_mcn:                      0000000000000
    discid:                        .vxPD0h0_Mh2xdcSnTLEbv9Nv2c-
    cddb:                          E30CEB12
    media_type:                    CD
    comment:                       cyanrip 0.9.3
    date:                          1998-01-06
    release_id:                    6afcb340-ab27-4b52-ac1d-8080c4393c6a
    album:                         The Original Johnny Rivers
    barcode:                       0724348862525
    country:                       NL
    status:                        Official
    album_artist:                  Johnny Rivers
    totaldiscs:                    1
    disc:                          1
    format:                        CD
    creation_time:                 2025-09-24T15:40:39
    REPLAYGAIN_TRACK_GAIN:         -7.42 dB
    R128_TRACK_GAIN:               -620
    REPLAYGAIN_TRACK_RANGE:        4.92 dB
    REPLAYGAIN_TRACK_PEAK:         1.307117
    REPLAYGAIN_REFERENCE_LOUDNESS: -18.00 LUFS

  File(s):
    Johnny Rivers - The Original Johnny Rivers [1998] [CD FLAC]/08 - Maybelline.flac

Track 9 ripped and encoded successfully!
Summary:

  Integrated loudness:
    I:          -9.6 LUFS
    Threshold: -19.6 LUFS

  Loudness range:
    LRA:         2.7 LU
    Threshold: -29.6 LUFS
    LRA low:   -11.1 LUFS
    LRA high:   -8.4 LUFS

  True peak:
    Peak:        1.5 dBFS

  Preemphasis:   none detected

  Properties:
    Duration:    00:02:31.120
    Samples:     6681444
    Frames:      11363
    Pregap LSN:  none
    Start LSN:   106094 (with offset: 106095)
    End LSN:     117456 (with offset: 117458)

  EAC CRC32:     BD48BD74
  Accurip:       not found
    Accurip v1:  1CA06C61
    Accurip v2:  1392050A
    Accurip 450: E5F670D8

  Metadata:
    mbid:                          1e77cc8f-6703-4603-aa03-d08ec80422bb
    title:                         Midnight Special
    artist:                        Johnny Rivers
    track:                         9
    tracktotal:                    18
    disc_mcn:                      0000000000000
    discid:                        .vxPD0h0_Mh2xdcSnTLEbv9Nv2c-
    cddb:                          E30CEB12
    media_type:                    CD
    comment:                       cyanrip 0.9.3
    date:                          1998-01-06
    release_id:                    6afcb340-ab27-4b52-ac1d-8080c4393c6a
    album:                         The Original Johnny Rivers
    barcode:                       0724348862525
    country:                       NL
    status:                        Official
    album_artist:                  Johnny Rivers
    totaldiscs:                    1
    disc:                          1
    format:                        CD
    creation_time:                 2025-09-24T15:41:49
    REPLAYGAIN_TRACK_GAIN:         -8.44 dB
    R128_TRACK_GAIN:               -881
    REPLAYGAIN_TRACK_RANGE:        2.71 dB
    REPLAYGAIN_TRACK_PEAK:         1.187362
    REPLAYGAIN_REFERENCE_LOUDNESS: -18.00 LUFS

  File(s):
    Johnny Rivers - The Original Johnny Rivers [1998] [CD FLAC]/09 - Midnight Special.flac

Track 10 ripped and encoded successfully!
Summary:

  Integrated loudness:
    I:         -10.2 LUFS
    Threshold: -20.4 LUFS

  Loudness range:
    LRA:         3.5 LU
    Threshold: -30.4 LUFS
    LRA low:   -12.2 LUFS
    LRA high:   -8.7 LUFS

  True peak:
    Peak:        0.7 dBFS

  Preemphasis:   none detected

  Properties:
    Duration:    00:02:32.120
    Samples:     6717312
    Frames:      11424
    Pregap LSN:  none
    Start LSN:   117457 (with offset: 117458)
    End LSN:     128880 (with offset: 128882)

  EAC CRC32:     3D1E076D
  Accurip:       not found
    Accurip v1:  BF2A3893
    Accurip v2:  08D1063A
    Accurip 450: C432F314

  Metadata:
    mbid:                          3c08f27e-a250-4183-afbc-554812c49f7b
    title:                         Cupid
    artist:                        Johnny Rivers
    track:                         10
    tracktotal:                    18
    disc_mcn:                      0000000000000
    discid:                        .vxPD0h0_Mh2xdcSnTLEbv9Nv2c-
    cddb:                          E30CEB12
    media_type:                    CD
    comment:                       cyanrip 0.9.3
    date:                          1998-01-06
    release_id:                    6afcb340-ab27-4b52-ac1d-8080c4393c6a
    album:                         The Original Johnny Rivers
    barcode:                       0724348862525
    country:                       NL
    status:                        Official
    album_artist:                  Johnny Rivers
    totaldiscs:                    1
    disc:                          1
    format:                        CD
    creation_time:                 2025-09-24T15:43:06
    REPLAYGAIN_TRACK_GAIN:         -7.77 dB
    R128_TRACK_GAIN:               -709
    REPLAYGAIN_TRACK_RANGE:        3.55 dB
    REPLAYGAIN_TRACK_PEAK:         1.086285
    REPLAYGAIN_REFERENCE_LOUDNESS: -18.00 LUFS

  File(s):
    Johnny Rivers - The Original Johnny Rivers [1998] [CD FLAC]/10 - Cupid.flac

Track 11 ripped and encoded successfully!
Summary:

  Integrated loudness:
    I:          -9.9 LUFS
    Threshold: -20.0 LUFS

  Loudness range:
    LRA:         2.8 LU
    Threshold: -30.0 LUFS
    LRA low:   -11.2 LUFS
    LRA high:   -8.4 LUFS

  True peak:
    Peak:        1.7 dBFS

  Preemphasis:   none detected

  Properties:
    Duration:    00:03:18.180
    Samples:     8735916
    Frames:      14857
    Pregap LSN:  none
    Start LSN:   128881 (with offset: 128882)
    End LSN:     143737 (with offset: 143739)

  EAC CRC32:     67BAED6F
  Accurip:       not found
    Accurip v1:  C7BF11FF
    Accurip v2:  53F31898
    Accurip 450: A8B76184

  Metadata:
    mbid:                          9e5a93e9-9f8a-44fd-b558-c33b41d20d26
    title:                         Where Have All the Flowers Gone?
    artist:                        Johnny Rivers
    track:                         11
    tracktotal:                    18
    disc_mcn:                      0000000000000
    discid:                        .vxPD0h0_Mh2xdcSnTLEbv9Nv2c-
    cddb:                          E30CEB12
    media_type:                    CD
    comment:                       cyanrip 0.9.3
    date:                          1998-01-06
    release_id:                    6afcb340-ab27-4b52-ac1d-8080c4393c6a
    album:                         The Original Johnny Rivers
    barcode:                       0724348862525
    country:                       NL
    status:                        Official
    album_artist:                  Johnny Rivers
    totaldiscs:                    1
    disc:                          1
    format:                        CD
    creation_time:                 2025-09-24T15:44:25
    REPLAYGAIN_TRACK_GAIN:         -8.11 dB
    R128_TRACK_GAIN:               -797
    REPLAYGAIN_TRACK_RANGE:        2.78 dB
    REPLAYGAIN_TRACK_PEAK:         1.210976
    REPLAYGAIN_REFERENCE_LOUDNESS: -18.00 LUFS

  File(s):
    Johnny Rivers - The Original Johnny Rivers [1998] [CD FLAC]/11 - Where Have All the Flowers Gone？.flac

Track 12 ripped and encoded successfully!
Summary:

  Integrated loudness:
    I:         -10.2 LUFS
    Threshold: -20.3 LUFS

  Loudness range:
    LRA:         2.5 LU
    Threshold: -30.3 LUFS
    LRA low:   -11.5 LUFS
    LRA high:   -9.1 LUFS

  True peak:
    Peak:        1.2 dBFS

  Preemphasis:   none detected

  Properties:
    Duration:    00:03:15.180
    Samples:     8613024
    Frames:      14648
    Pregap LSN:  none
    Start LSN:   143738 (with offset: 143739)
    End LSN:     158385 (with offset: 158387)

  EAC CRC32:     C1FF368B
  Accurip:       not found
    Accurip v1:  99180A4F
    Accurip v2:  BA4C566F
    Accurip 450: F8280DDF

  Metadata:
    mbid:                          5368f47d-0196-47d6-abfb-8b288c8c54a8
    title:                         Under Your Spell Again
    artist:                        Johnny Rivers
    track:                         12
    tracktotal:                    18
    disc_mcn:                      0000000000000
    discid:                        .vxPD0h0_Mh2xdcSnTLEbv9Nv2c-
    cddb:                          E30CEB12
    media_type:                    CD
    comment:                       cyanrip 0.9.3
    date:                          1998-01-06
    release_id:                    6afcb340-ab27-4b52-ac1d-8080c4393c6a
    album:                         The Original Johnny Rivers
    barcode:                       0724348862525
    country:                       NL
    status:                        Official
    album_artist:                  Johnny Rivers
    totaldiscs:                    1
    disc:                          1
    format:                        CD
    creation_time:                 2025-09-24T15:46:03
    REPLAYGAIN_TRACK_GAIN:         -7.84 dB
    R128_TRACK_GAIN:               -728
    REPLAYGAIN_TRACK_RANGE:        2.46 dB
    REPLAYGAIN_TRACK_PEAK:         1.152126
    REPLAYGAIN_REFERENCE_LOUDNESS: -18.00 LUFS

  File(s):
    Johnny Rivers - The Original Johnny Rivers [1998] [CD FLAC]/12 - Under Your Spell Again.flac

Track 13 ripped and encoded successfully!
Summary:

  Integrated loudness:
    I:         -11.6 LUFS
    Threshold: -21.7 LUFS

  Loudness range:
    LRA:         2.6 LU
    Threshold: -31.7 LUFS
    LRA low:   -12.9 LUFS
    LRA high:  -10.3 LUFS

  True peak:
    Peak:        1.0 dBFS

  Preemphasis:   none detected

  Properties:
    Duration:    00:03:02.180
    Samples:     8045604
    Frames:      13683
    Pregap LSN:  none
    Start LSN:   158386 (with offset: 158387)
    End LSN:     172068 (with offset: 172070)

  EAC CRC32:     45152037
  Accurip:       not found
    Accurip v1:  AEA1E635
    Accurip v2:  A6B4E792
    Accurip 450: 8C5CE639

  Metadata:
    mbid:                          77947b21-9cd3-4a71-b9fc-8520024a3146
    title:                         (I Washed My Hands in) Muddy Water
    artist:                        Johnny Rivers
    track:                         13
    tracktotal:                    18
    disc_mcn:                      0000000000000
    discid:                        .vxPD0h0_Mh2xdcSnTLEbv9Nv2c-
    cddb:                          E30CEB12
    media_type:                    CD
    comment:                       cyanrip 0.9.3
    date:                          1998-01-06
    release_id:                    6afcb340-ab27-4b52-ac1d-8080c4393c6a
    album:                         The Original Johnny Rivers
    barcode:                       0724348862525
    country:                       NL
    status:                        Official
    album_artist:                  Johnny Rivers
    totaldiscs:                    1
    disc:                          1
    format:                        CD
    creation_time:                 2025-09-24T15:47:39
    REPLAYGAIN_TRACK_GAIN:         -6.39 dB
    R128_TRACK_GAIN:               -356
    REPLAYGAIN_TRACK_RANGE:        2.58 dB
    REPLAYGAIN_TRACK_PEAK:         1.119350
    REPLAYGAIN_REFERENCE_LOUDNESS: -18.00 LUFS

  File(s):
    Johnny Rivers - The Original Johnny Rivers [1998] [CD FLAC]/13 - (I Washed My Hands in) Muddy Water.flac

Track 14 ripped and encoded successfully!
Summary:

  Integrated loudness:
    I:         -12.1 LUFS
    Threshold: -22.4 LUFS

  Loudness range:
    LRA:         4.1 LU
    Threshold: -32.4 LUFS
    LRA low:   -14.5 LUFS
    LRA high:  -10.4 LUFS

  True peak:
    Peak:        1.2 dBFS

  Preemphasis:   none detected

  Properties:
    Duration:    00:03:51.180
    Samples:     10211796
    Frames:      17367
    Pregap LSN:  none
    Start LSN:   172069 (with offset: 172070)
    End LSN:     189435 (with offset: 189437)

  EAC CRC32:     8296BE9F
  Accurip:       not found
    Accurip v1:  45EA8CD7
    Accurip v2:  182CE295
    Accurip 450: F4BEC7F7

  Metadata:
    mbid:                          d6086198-5000-4515-bdc9-eec090d59c3f
    title:                         Summer Rain
    artist:                        Johnny Rivers
    track:                         14
    tracktotal:                    18
    disc_mcn:                      0000000000000
    discid:                        .vxPD0h0_Mh2xdcSnTLEbv9Nv2c-
    cddb:                          E30CEB12
    media_type:                    CD
    comment:                       cyanrip 0.9.3
    date:                          1998-01-06
    release_id:                    6afcb340-ab27-4b52-ac1d-8080c4393c6a
    album:                         The Original Johnny Rivers
    barcode:                       0724348862525
    country:                       NL
    status:                        Official
    album_artist:                  Johnny Rivers
    totaldiscs:                    1
    disc:                          1
    format:                        CD
    creation_time:                 2025-09-24T15:49:07
    REPLAYGAIN_TRACK_GAIN:         -5.88 dB
    R128_TRACK_GAIN:               -225
    REPLAYGAIN_TRACK_RANGE:        4.11 dB
    REPLAYGAIN_TRACK_PEAK:         1.150057
    REPLAYGAIN_REFERENCE_LOUDNESS: -18.00 LUFS

  File(s):
    Johnny Rivers - The Original Johnny Rivers [1998] [CD FLAC]/14 - Summer Rain.flac

Track 15 ripped and encoded successfully!
Summary:

  Integrated loudness:
    I:          -9.4 LUFS
    Threshold: -19.5 LUFS

  Loudness range:
    LRA:         3.1 LU
    Threshold: -29.6 LUFS
    LRA low:   -11.3 LUFS
    LRA high:   -8.2 LUFS

  True peak:
    Peak:        0.6 dBFS

  Preemphasis:   none detected

  Properties:
    Duration:    00:02:55.120
    Samples:     7742784
    Frames:      13168
    Pregap LSN:  none
    Start LSN:   189436 (with offset: 189437)
    End LSN:     202603 (with offset: 202605)

  EAC CRC32:     8AC3E15F
  Accurip:       not found
    Accurip v1:  BE9A3E78
    Accurip v2:  6EEE67BF
    Accurip 450: 1F82E12F

  Metadata:
    mbid:                          2f5c7446-23c2-43e6-bbd6-d429444f9f84
    title:                         Help Me Rhonda
    artist:                        Johnny Rivers
    track:                         15
    tracktotal:                    18
    disc_mcn:                      0000000000000
    discid:                        .vxPD0h0_Mh2xdcSnTLEbv9Nv2c-
    cddb:                          E30CEB12
    media_type:                    CD
    comment:                       cyanrip 0.9.3
    date:                          1998-01-06
    release_id:                    6afcb340-ab27-4b52-ac1d-8080c4393c6a
    album:                         The Original Johnny Rivers
    barcode:                       0724348862525
    country:                       NL
    status:                        Official
    album_artist:                  Johnny Rivers
    totaldiscs:                    1
    disc:                          1
    format:                        CD
    creation_time:                 2025-09-24T15:50:59
    REPLAYGAIN_TRACK_GAIN:         -8.60 dB
    R128_TRACK_GAIN:               -922
    REPLAYGAIN_TRACK_RANGE:        3.06 dB
    REPLAYGAIN_TRACK_PEAK:         1.069267
    REPLAYGAIN_REFERENCE_LOUDNESS: -18.00 LUFS

  File(s):
    Johnny Rivers - The Original Johnny Rivers [1998] [CD FLAC]/15 - Help Me Rhonda.flac

Track 16 ripped and encoded successfully!
Summary:

  Integrated loudness:
    I:         -10.2 LUFS
    Threshold: -20.5 LUFS

  Loudness range:
    LRA:         3.6 LU
    Threshold: -30.5 LUFS
    LRA low:   -12.3 LUFS
    LRA high:   -8.7 LUFS

  True peak:
    Peak:        0.8 dBFS

  Preemphasis:   none detected

  Properties:
    Duration:    00:03:11.180
    Samples:     8444856
    Frames:      14362
    Pregap LSN:  none
    Start LSN:   202604 (with offset: 202605)
    End LSN:     216965 (with offset: 216967)

  EAC CRC32:     F8D322D3
  Accurip:       not found
    Accurip v1:  DB311A9F
    Accurip v2:  592408F0
    Accurip 450: 30D88BEA

  Metadata:
    mbid:                          3bfe6b0b-4917-4a22-921c-b09b11044009
    title:                         Rockin’ Pneumonia – Boogie Woogie Flu
    artist:                        Johnny Rivers
    track:                         16
    tracktotal:                    18
    disc_mcn:                      0000000000000
    discid:                        .vxPD0h0_Mh2xdcSnTLEbv9Nv2c-
    cddb:                          E30CEB12
    media_type:                    CD
    comment:                       cyanrip 0.9.3
    date:                          1998-01-06
    release_id:                    6afcb340-ab27-4b52-ac1d-8080c4393c6a
    album:                         The Original Johnny Rivers
    barcode:                       0724348862525
    country:                       NL
    status:                        Official
    album_artist:                  Johnny Rivers
    totaldiscs:                    1
    disc:                          1
    format:                        CD
    creation_time:                 2025-09-24T15:52:22
    REPLAYGAIN_TRACK_GAIN:         -7.82 dB
    R128_TRACK_GAIN:               -721
    REPLAYGAIN_TRACK_RANGE:        3.59 dB
    REPLAYGAIN_TRACK_PEAK:         1.099428
    REPLAYGAIN_REFERENCE_LOUDNESS: -18.00 LUFS

  File(s):
    Johnny Rivers - The Original Johnny Rivers [1998] [CD FLAC]/16 - Rockin’ Pneumonia – Boogie Woogie Flu.flac

Track 17 ripped and encoded successfully!
Summary:

  Integrated loudness:
    I:         -10.1 LUFS
    Threshold: -20.2 LUFS

  Loudness range:
    LRA:         3.5 LU
    Threshold: -30.2 LUFS
    LRA low:   -11.9 LUFS
    LRA high:   -8.5 LUFS

  True peak:
    Peak:        0.4 dBFS

  Preemphasis:   none detected

  Properties:
    Duration:    00:02:52.120
    Samples:     7613424
    Frames:      12948
    Pregap LSN:  none
    Start LSN:   216966 (with offset: 216967)
    End LSN:     229913 (with offset: 229915)

  EAC CRC32:     415E92A5
  Accurip:       not found
    Accurip v1:  1009D289
    Accurip v2:  88E2E9C5
    Accurip 450: 0EB101F1

  Metadata:
    mbid:                          515872ae-0766-4a57-9875-2e5eec2536c7
    title:                         Sea Cruise
    artist:                        Johnny Rivers
    track:                         17
    tracktotal:                    18
    disc_mcn:                      0000000000000
    discid:                        .vxPD0h0_Mh2xdcSnTLEbv9Nv2c-
    cddb:                          E30CEB12
    media_type:                    CD
    comment:                       cyanrip 0.9.3
    date:                          1998-01-06
    release_id:                    6afcb340-ab27-4b52-ac1d-8080c4393c6a
    album:                         The Original Johnny Rivers
    barcode:                       0724348862525
    country:                       NL
    status:                        Official
    album_artist:                  Johnny Rivers
    totaldiscs:                    1
    disc:                          1
    format:                        CD
    creation_time:                 2025-09-24T15:53:54
    REPLAYGAIN_TRACK_GAIN:         -7.87 dB
    R128_TRACK_GAIN:               -735
    REPLAYGAIN_TRACK_RANGE:        3.46 dB
    REPLAYGAIN_TRACK_PEAK:         1.047661
    REPLAYGAIN_REFERENCE_LOUDNESS: -18.00 LUFS

  File(s):
    Johnny Rivers - The Original Johnny Rivers [1998] [CD FLAC]/17 - Sea Cruise.flac

Track 18 ripped and encoded successfully!
Summary:

  Integrated loudness:
    I:         -12.3 LUFS
    Threshold: -22.6 LUFS

  Loudness range:
    LRA:         9.2 LU
    Threshold: -32.5 LUFS
    LRA low:   -18.3 LUFS
    LRA high:   -9.1 LUFS

  True peak:
    Peak:        1.2 dBFS

  Preemphasis:   none detected

  Properties:
    Duration:    00:04:01.240
    Samples:     10666320
    Frames:      18140
    Pregap LSN:  none
    Start LSN:   229914 (with offset: 229915)
    End LSN:     248053
    Appended:    2 frames of silence

  EAC CRC32:     F55F9702
  Accurip:       not found
    Accurip v1:  F1095269
    Accurip v2:  9C8E4E56
    Accurip 450: A7B25CFB

  Metadata:
    mbid:                          3c2bfdd2-2720-410f-a92f-65cb4e940d85
    title:                         Swayin’ to the Music
    artist:                        Johnny Rivers
    track:                         18
    tracktotal:                    18
    disc_mcn:                      0000000000000
    discid:                        .vxPD0h0_Mh2xdcSnTLEbv9Nv2c-
    cddb:                          E30CEB12
    media_type:                    CD
    comment:                       cyanrip 0.9.3
    date:                          1998-01-06
    release_id:                    6afcb340-ab27-4b52-ac1d-8080c4393c6a
    album:                         The Original Johnny Rivers
    barcode:                       0724348862525
    country:                       NL
    status:                        Official
    album_artist:                  Johnny Rivers
    totaldiscs:                    1
    disc:                          1
    format:                        CD
    creation_time:                 2025-09-24T15:55:18
    REPLAYGAIN_TRACK_GAIN:         -5.65 dB
    R128_TRACK_GAIN:               -167
    REPLAYGAIN_TRACK_RANGE:        9.21 dB
    REPLAYGAIN_TRACK_PEAK:         1.145748
    REPLAYGAIN_REFERENCE_LOUDNESS: -18.00 LUFS

  File(s):
    Johnny Rivers - The Original Johnny Rivers [1998] [CD FLAC]/18 - Swayin’ to the Music.flac

Album Loudness Summary:

  Integrated loudness:
    I:         -10.6 LUFS
    Threshold: -20.8 LUFS

  Loudness range:
    LRA:         5.6 LU
    Threshold: -30.9 LUFS
    LRA low:   -14.1 LUFS
    LRA high:   -8.5 LUFS

  True peak:
    Peak:        2.3 dBFS

Paranoia status counts:
  READ:          76655
  VERIFY:        15152
  OVERLAP:       3266

Ripping errors: 0
Ripping finished at 2025-09-24T15:57:11
Log FUN512: cuyI7ndd8T_w3AHoe4gb8LEFYuMxSyrowNjT6Lz9Ngst4mAaQCvHd31V_0fCeBluHMad715yk5u2MqBQeO4.WA
