cyanrip 0.9.3 (6517fee)
System device:  G:
Device model:   Slimtype DVD A  DS8A4S    JC21
Offset:         +6 samples
Overread:       +1 frame
Overread mode:  fill with silence in lead-in/lead-out
Speed:          default (unchangeable)
C2 errors:      supported by drive
Paranoia level: max
Frame retries:  10
HDCD decoding:  disabled
Album Art:      Front (From: Cover Art DB), Back (From: Cover Art DB)
Outputs:        flac
Disc number:    1
Total discs:    1
Disc tracks:    11
Tracks to rip:  all
DiscID:         gfwKYf.2V3eQV2ydZSNiBn7G7.U-
Release ID:     ee1a240a-cfd7-4428-a3b0-9394efe01822
CDDB ID:        9409640B
Disc MCN:       0093624921806
Album:          Lukas Graham
Album artist:   Lukas Graham
AccurateRip:    not found
Total time:     00:40:04.800

Gaps:
    0 frame pregap in track 1, unmerged
    0 frame pregap in track 2, merging into track 1
    0 frame pregap in track 3, merging into track 2
    0 frame pregap in track 4, merging into track 3
    0 frame pregap in track 5, merging into track 4
    0 frame pregap in track 6, merging into track 5
    0 frame pregap in track 7, merging into track 6
    0 frame pregap in track 8, merging into track 7
    0 frame pregap in track 9, merging into track 8
    0 frame pregap in track 10, merging into track 9
    0 frame pregap in track 11, merging into track 10

Cover art destination(s):
    Lukas Graham - Lukas Graham [2016] [CD FLAC]/Front.jpg
    Lukas Graham - Lukas Graham [2016] [CD FLAC]/Back.jpg

Tracks:
Track 1 ripped and encoded successfully!
Summary:

  Integrated loudness:
    I:          -8.7 LUFS
    Threshold: -19.3 LUFS

  Loudness range:
    LRA:        14.0 LU
    Threshold: -29.3 LUFS
    LRA low:   -19.1 LUFS
    LRA high:   -5.1 LUFS

  Sample peak:
    Peak:       -0.0 dBFS

  True peak:
    Peak:        1.5 dBFS

  Sample peak relative amplitude (calculated from ebur128 dBFS):
    Peak:        0.998840

  Sample peak relative amplitude (precise):
    Peak:        0.998840

  True peak relative amplitude (calculated from ebur128 dBFS):
    Peak:        1.182777

  Preemphasis:   none detected

  Properties:
    Duration:    00:03:57.266
    Samples:     10463460
    Frames:      17795
    Pregap LSN:  0 (duration: 00:00:00.000)
    Start LSN:   0
    End LSN:     17794 (with offset: 17795)

  EAC CRC32:     6824DDE1
  Accurip:       not found
    Accurip v1:  5CF99137
    Accurip v2:  342F0800
    Accurip 450: ECA202A7

  Metadata:
    mbid:                          87e36ab4-6914-44ab-b740-7abb37678040
    title:                         7 Years
    artist:                        Lukas Graham
    track:                         1
    tracktotal:                    11
    disc_mcn:                      0093624921806
    discid:                        gfwKYf.2V3eQV2ydZSNiBn7G7.U-
    cddb:                          9409640B
    media_type:                    CD
    comment:                       cyanrip 0.9.3
    date:                          2016-04-01
    release_id:                    ee1a240a-cfd7-4428-a3b0-9394efe01822
    album:                         Lukas Graham
    barcode:                       093624921806
    packaging:                     Cardboard/Paper Sleeve
    country:                       NL
    status:                        Official
    album_artist:                  Lukas Graham
    totaldiscs:                    1
    disc:                          1
    format:                        CD
    isrc:                          USWB11506516
    creation_time:                 2025-09-25T04:16:20
    REPLAYGAIN_TRACK_GAIN:         -9.35 dB
    R128_TRACK_GAIN:               -1113
    REPLAYGAIN_TRACK_RANGE:        14.00 dB
    REPLAYGAIN_TRACK_PEAK:         1.182777
    REPLAYGAIN_REFERENCE_LOUDNESS: -18.00 LUFS

  Embedded cover art:
    Front: 1675x1463 Motion JPEG

  File(s):
    Lukas Graham - Lukas Graham [2016] [CD FLAC]/01 - 7 Years.flac

Track 2 ripped and encoded successfully!
Summary:

  Integrated loudness:
    I:          -6.3 LUFS
    Threshold: -16.5 LUFS

  Loudness range:
    LRA:         2.7 LU
    Threshold: -26.4 LUFS
    LRA low:    -7.8 LUFS
    LRA high:   -5.1 LUFS

  Sample peak:
    Peak:       -0.0 dBFS

  True peak:
    Peak:        0.8 dBFS

  Sample peak relative amplitude (calculated from ebur128 dBFS):
    Peak:        0.998840

  Sample peak relative amplitude (precise):
    Peak:        0.998840

  True peak relative amplitude (calculated from ebur128 dBFS):
    Peak:        1.098908

  Preemphasis:   none detected

  Properties:
    Duration:    00:03:11.760
    Samples:     8456616
    Frames:      14382
    Pregap LSN:  17795 (duration: 00:00:00.000)
    Start LSN:   17795
    End LSN:     32176 (with offset: 32177)

  EAC CRC32:     9240657C
  Accurip:       not found
    Accurip v1:  E2C79128
    Accurip v2:  F60FE4B2
    Accurip 450: E41AFFDA

  Metadata:
    mbid:                          52b935f6-b710-4ac9-8d38-b530ad15356e
    title:                         Take the World by Storm
    artist:                        Lukas Graham
    track:                         2
    tracktotal:                    11
    disc_mcn:                      0093624921806
    discid:                        gfwKYf.2V3eQV2ydZSNiBn7G7.U-
    cddb:                          9409640B
    media_type:                    CD
    comment:                       cyanrip 0.9.3
    date:                          2016-04-01
    release_id:                    ee1a240a-cfd7-4428-a3b0-9394efe01822
    album:                         Lukas Graham
    barcode:                       093624921806
    packaging:                     Cardboard/Paper Sleeve
    country:                       NL
    status:                        Official
    album_artist:                  Lukas Graham
    totaldiscs:                    1
    disc:                          1
    format:                        CD
    isrc:                          USWB11506517
    creation_time:                 2025-09-25T04:20:01
    REPLAYGAIN_TRACK_GAIN:         -11.69 dB
    R128_TRACK_GAIN:               -1713
    REPLAYGAIN_TRACK_RANGE:        2.72 dB
    REPLAYGAIN_TRACK_PEAK:         1.098908
    REPLAYGAIN_REFERENCE_LOUDNESS: -18.00 LUFS

  Embedded cover art:
    Front: 1675x1463 Motion JPEG

  File(s):
    Lukas Graham - Lukas Graham [2016] [CD FLAC]/02 - Take the World by Storm.flac

Track 3 ripped and encoded successfully!
Summary:

  Integrated loudness:
    I:          -7.8 LUFS
    Threshold: -18.2 LUFS

  Loudness range:
    LRA:         7.0 LU
    Threshold: -28.1 LUFS
    LRA low:   -13.3 LUFS
    LRA high:   -6.3 LUFS

  Sample peak:
    Peak:       -0.0 dBFS

  True peak:
    Peak:        1.4 dBFS

  Sample peak relative amplitude (calculated from ebur128 dBFS):
    Peak:        0.998840

  Sample peak relative amplitude (precise):
    Peak:        0.998840

  True peak relative amplitude (calculated from ebur128 dBFS):
    Peak:        1.171538

  Preemphasis:   none detected

  Properties:
    Duration:    00:03:26.893
    Samples:     9123996
    Frames:      15517
    Pregap LSN:  32177 (duration: 00:00:00.000)
    Start LSN:   32177
    End LSN:     47693 (with offset: 47694)

  EAC CRC32:     1EB41CEC
  Accurip:       not found
    Accurip v1:  B31A99E6
    Accurip v2:  8169F6A7
    Accurip 450: DE4C9DFB

  Metadata:
    mbid:                          84a07d9a-ab8b-4cc6-8aa7-fba72516ee1c
    title:                         Mama Said
    artist:                        Lukas Graham
    track:                         3
    tracktotal:                    11
    disc_mcn:                      0093624921806
    discid:                        gfwKYf.2V3eQV2ydZSNiBn7G7.U-
    cddb:                          9409640B
    media_type:                    CD
    comment:                       cyanrip 0.9.3
    date:                          2016-04-01
    release_id:                    ee1a240a-cfd7-4428-a3b0-9394efe01822
    album:                         Lukas Graham
    barcode:                       093624921806
    packaging:                     Cardboard/Paper Sleeve
    country:                       NL
    status:                        Official
    album_artist:                  Lukas Graham
    totaldiscs:                    1
    disc:                          1
    format:                        CD
    isrc:                          USWB11600081
    creation_time:                 2025-09-25T04:22:36
    REPLAYGAIN_TRACK_GAIN:         -10.20 dB
    R128_TRACK_GAIN:               -1330
    REPLAYGAIN_TRACK_RANGE:        7.02 dB
    REPLAYGAIN_TRACK_PEAK:         1.171538
    REPLAYGAIN_REFERENCE_LOUDNESS: -18.00 LUFS

  Embedded cover art:
    Front: 1675x1463 Motion JPEG

  File(s):
    Lukas Graham - Lukas Graham [2016] [CD FLAC]/03 - Mama Said.flac

Track 4 ripped and encoded successfully!
Summary:

  Integrated loudness:
    I:         -11.5 LUFS
    Threshold: -21.7 LUFS

  Loudness range:
    LRA:        10.8 LU
    Threshold: -31.6 LUFS
    LRA low:   -17.5 LUFS
    LRA high:   -6.7 LUFS

  Sample peak:
    Peak:       -0.0 dBFS

  True peak:
    Peak:        1.0 dBFS

  Sample peak relative amplitude (calculated from ebur128 dBFS):
    Peak:        0.998840

  Sample peak relative amplitude (precise):
    Peak:        0.998840

  True peak relative amplitude (calculated from ebur128 dBFS):
    Peak:        1.122070

  Preemphasis:   none detected

  Properties:
    Duration:    00:03:38.733
    Samples:     9646140
    Frames:      16405
    Pregap LSN:  47694 (duration: 00:00:00.000)
    Start LSN:   47694
    End LSN:     64098 (with offset: 64099)

  EAC CRC32:     C9B2617E
  Accurip:       not found
    Accurip v1:  C7836DE7
    Accurip v2:  31A0846E
    Accurip 450: 62DBE88D

  Metadata:
    mbid:                          e36af1dd-c1d3-4463-bf74-4cbcfab08ab2
    title:                         Happy Home
    artist:                        Lukas Graham
    track:                         4
    tracktotal:                    11
    disc_mcn:                      0093624921806
    discid:                        gfwKYf.2V3eQV2ydZSNiBn7G7.U-
    cddb:                          9409640B
    media_type:                    CD
    comment:                       cyanrip 0.9.3
    date:                          2016-04-01
    release_id:                    ee1a240a-cfd7-4428-a3b0-9394efe01822
    album:                         Lukas Graham
    barcode:                       093624921806
    packaging:                     Cardboard/Paper Sleeve
    country:                       NL
    status:                        Official
    album_artist:                  Lukas Graham
    totaldiscs:                    1
    disc:                          1
    format:                        CD
    isrc:                          USWB11600034
    creation_time:                 2025-09-25T04:25:07
    REPLAYGAIN_TRACK_GAIN:         -6.46 dB
    R128_TRACK_GAIN:               -373
    REPLAYGAIN_TRACK_RANGE:        10.82 dB
    REPLAYGAIN_TRACK_PEAK:         1.122070
    REPLAYGAIN_REFERENCE_LOUDNESS: -18.00 LUFS

  Embedded cover art:
    Front: 1675x1463 Motion JPEG

  File(s):
    Lukas Graham - Lukas Graham [2016] [CD FLAC]/04 - Happy Home.flac

Track 5 ripped and encoded successfully!
Summary:

  Integrated loudness:
    I:          -7.9 LUFS
    Threshold: -17.9 LUFS

  Loudness range:
    LRA:         2.5 LU
    Threshold: -27.9 LUFS
    LRA low:    -9.4 LUFS
    LRA high:   -6.9 LUFS

  Sample peak:
    Peak:       -0.0 dBFS

  True peak:
    Peak:        1.3 dBFS

  Sample peak relative amplitude (calculated from ebur128 dBFS):
    Peak:        0.998840

  Sample peak relative amplitude (precise):
    Peak:        0.998840

  True peak relative amplitude (calculated from ebur128 dBFS):
    Peak:        1.162478

  Preemphasis:   none detected

  Properties:
    Duration:    00:03:23.080
    Samples:     8955828
    Frames:      15231
    Pregap LSN:  64099 (duration: 00:00:00.000)
    Start LSN:   64099
    End LSN:     79329 (with offset: 79330)

  EAC CRC32:     73857026
  Accurip:       not found
    Accurip v1:  50C78A00
    Accurip v2:  2A2A9655
    Accurip 450: 035D61CB

  Metadata:
    mbid:                          7b8fd259-bf4f-4018-8978-733739517c9b
    title:                         Drunk in the Morning
    artist:                        Lukas Graham
    track:                         5
    tracktotal:                    11
    disc_mcn:                      0093624921806
    discid:                        gfwKYf.2V3eQV2ydZSNiBn7G7.U-
    cddb:                          9409640B
    media_type:                    CD
    comment:                       cyanrip 0.9.3
    date:                          2016-04-01
    release_id:                    ee1a240a-cfd7-4428-a3b0-9394efe01822
    album:                         Lukas Graham
    barcode:                       093624921806
    packaging:                     Cardboard/Paper Sleeve
    country:                       NL
    status:                        Official
    album_artist:                  Lukas Graham
    totaldiscs:                    1
    disc:                          1
    format:                        CD
    isrc:                          USWB11600035
    creation_time:                 2025-09-25T04:27:44
    REPLAYGAIN_TRACK_GAIN:         -10.14 dB
    R128_TRACK_GAIN:               -1317
    REPLAYGAIN_TRACK_RANGE:        2.54 dB
    REPLAYGAIN_TRACK_PEAK:         1.162478
    REPLAYGAIN_REFERENCE_LOUDNESS: -18.00 LUFS

  Embedded cover art:
    Front: 1675x1463 Motion JPEG

  File(s):
    Lukas Graham - Lukas Graham [2016] [CD FLAC]/05 - Drunk in the Morning.flac

Track 6 ripped and encoded successfully!
Summary:

  Integrated loudness:
    I:          -7.8 LUFS
    Threshold: -18.1 LUFS

  Loudness range:
    LRA:         7.0 LU
    Threshold: -28.1 LUFS
    LRA low:   -12.1 LUFS
    LRA high:   -5.1 LUFS

  Sample peak:
    Peak:       -0.0 dBFS

  True peak:
    Peak:        0.6 dBFS

  Sample peak relative amplitude (calculated from ebur128 dBFS):
    Peak:        0.998840

  Sample peak relative amplitude (precise):
    Peak:        0.998840

  True peak relative amplitude (calculated from ebur128 dBFS):
    Peak:        1.070147

  Preemphasis:   none detected

  Properties:
    Duration:    00:04:26.226
    Samples:     11740596
    Frames:      19967
    Pregap LSN:  79330 (duration: 00:00:00.000)
    Start LSN:   79330
    End LSN:     99296 (with offset: 99297)

  EAC CRC32:     D4286829
  Accurip:       not found
    Accurip v1:  6832606B
    Accurip v2:  825104B8
    Accurip 450: B79A6F7E

  Metadata:
    mbid:                          85568056-6b89-4abe-9dfd-3ab956a78022
    title:                         Better Than Yourself (Criminal Mind, Pt. 2)
    artist:                        Lukas Graham
    track:                         6
    tracktotal:                    11
    disc_mcn:                      0093624921806
    discid:                        gfwKYf.2V3eQV2ydZSNiBn7G7.U-
    cddb:                          9409640B
    media_type:                    CD
    comment:                       cyanrip 0.9.3
    date:                          2016-04-01
    release_id:                    ee1a240a-cfd7-4428-a3b0-9394efe01822
    album:                         Lukas Graham
    barcode:                       093624921806
    packaging:                     Cardboard/Paper Sleeve
    country:                       NL
    status:                        Official
    album_artist:                  Lukas Graham
    totaldiscs:                    1
    disc:                          1
    format:                        CD
    isrc:                          USWB11514520
    creation_time:                 2025-09-25T04:29:55
    REPLAYGAIN_TRACK_GAIN:         -10.16 dB
    R128_TRACK_GAIN:               -1320
    REPLAYGAIN_TRACK_RANGE:        6.99 dB
    REPLAYGAIN_TRACK_PEAK:         1.070147
    REPLAYGAIN_REFERENCE_LOUDNESS: -18.00 LUFS

  Embedded cover art:
    Front: 1675x1463 Motion JPEG

  File(s):
    Lukas Graham - Lukas Graham [2016] [CD FLAC]/06 - Better Than Yourself (Criminal Mind, Pt. 2).flac

Track 7 ripped and encoded successfully!
Summary:

  Integrated loudness:
    I:          -8.9 LUFS
    Threshold: -19.1 LUFS

  Loudness range:
    LRA:         3.5 LU
    Threshold: -29.1 LUFS
    LRA low:   -11.1 LUFS
    LRA high:   -7.6 LUFS

  Sample peak:
    Peak:       -0.0 dBFS

  True peak:
    Peak:        0.8 dBFS

  Sample peak relative amplitude (calculated from ebur128 dBFS):
    Peak:        0.998840

  Sample peak relative amplitude (precise):
    Peak:        0.998840

  True peak relative amplitude (calculated from ebur128 dBFS):
    Peak:        1.091094

  Preemphasis:   none detected

  Properties:
    Duration:    00:03:10.120
    Samples:     8384292
    Frames:      14259
    Pregap LSN:  99297 (duration: 00:00:00.000)
    Start LSN:   99297
    End LSN:     113555 (with offset: 113556)

  EAC CRC32:     F6C44E83
  Accurip:       not found
    Accurip v1:  672E959C
    Accurip v2:  D9EA6A7A
    Accurip 450: A9E45A5D

  Metadata:
    mbid:                          e6fe7063-0a09-49e0-a011-e3051530b833
    title:                         Don’t You Worry ’bout Me
    artist:                        Lukas Graham
    track:                         7
    tracktotal:                    11
    disc_mcn:                      0093624921806
    discid:                        gfwKYf.2V3eQV2ydZSNiBn7G7.U-
    cddb:                          9409640B
    media_type:                    CD
    comment:                       cyanrip 0.9.3
    date:                          2016-04-01
    release_id:                    ee1a240a-cfd7-4428-a3b0-9394efe01822
    album:                         Lukas Graham
    barcode:                       093624921806
    packaging:                     Cardboard/Paper Sleeve
    country:                       NL
    status:                        Official
    album_artist:                  Lukas Graham
    totaldiscs:                    1
    disc:                          1
    format:                        CD
    isrc:                          USWB11600036
    creation_time:                 2025-09-25T04:32:52
    REPLAYGAIN_TRACK_GAIN:         -9.08 dB
    R128_TRACK_GAIN:               -1045
    REPLAYGAIN_TRACK_RANGE:        3.52 dB
    REPLAYGAIN_TRACK_PEAK:         1.091094
    REPLAYGAIN_REFERENCE_LOUDNESS: -18.00 LUFS

  Embedded cover art:
    Front: 1675x1463 Motion JPEG

  File(s):
    Lukas Graham - Lukas Graham [2016] [CD FLAC]/07 - Don’t You Worry ’bout Me.flac

Track 8 ripped and encoded successfully!
Summary:

  Integrated loudness:
    I:          -8.3 LUFS
    Threshold: -18.7 LUFS

  Loudness range:
    LRA:        10.6 LU
    Threshold: -28.7 LUFS
    LRA low:   -15.8 LUFS
    LRA high:   -5.2 LUFS

  Sample peak:
    Peak:       -0.0 dBFS

  True peak:
    Peak:        0.7 dBFS

  Sample peak relative amplitude (calculated from ebur128 dBFS):
    Peak:        0.998840

  Sample peak relative amplitude (precise):
    Peak:        0.998840

  True peak relative amplitude (calculated from ebur128 dBFS):
    Peak:        1.082041

  Preemphasis:   none detected

  Properties:
    Duration:    00:03:56.853
    Samples:     10445232
    Frames:      17764
    Pregap LSN:  113556 (duration: 00:00:00.000)
    Start LSN:   113556
    End LSN:     131319 (with offset: 131320)

  EAC CRC32:     DCFE4D37
  Accurip:       not found
    Accurip v1:  72EF722B
    Accurip v2:  EF7E01DF
    Accurip 450: D40CA3F0

  Metadata:
    mbid:                          55c577b2-b105-4c7c-b131-f7c8df0c7b2b
    title:                         What Happened to Perfect
    artist:                        Lukas Graham
    track:                         8
    tracktotal:                    11
    disc_mcn:                      0093624921806
    discid:                        gfwKYf.2V3eQV2ydZSNiBn7G7.U-
    cddb:                          9409640B
    media_type:                    CD
    comment:                       cyanrip 0.9.3
    date:                          2016-04-01
    release_id:                    ee1a240a-cfd7-4428-a3b0-9394efe01822
    album:                         Lukas Graham
    barcode:                       093624921806
    packaging:                     Cardboard/Paper Sleeve
    country:                       NL
    status:                        Official
    album_artist:                  Lukas Graham
    totaldiscs:                    1
    disc:                          1
    format:                        CD
    isrc:                          USWB11506523
    creation_time:                 2025-09-25T04:34:48
    REPLAYGAIN_TRACK_GAIN:         -9.67 dB
    R128_TRACK_GAIN:               -1194
    REPLAYGAIN_TRACK_RANGE:        10.64 dB
    REPLAYGAIN_TRACK_PEAK:         1.082041
    REPLAYGAIN_REFERENCE_LOUDNESS: -18.00 LUFS

  Embedded cover art:
    Front: 1675x1463 Motion JPEG

  File(s):
    Lukas Graham - Lukas Graham [2016] [CD FLAC]/08 - What Happened to Perfect.flac

Track 9 ripped and encoded successfully!
Summary:

  Integrated loudness:
    I:          -8.9 LUFS
    Threshold: -19.1 LUFS

  Loudness range:
    LRA:         6.8 LU
    Threshold: -29.1 LUFS
    LRA low:   -13.3 LUFS
    LRA high:   -6.5 LUFS

  Sample peak:
    Peak:       -0.0 dBFS

  True peak:
    Peak:        1.9 dBFS

  Sample peak relative amplitude (calculated from ebur128 dBFS):
    Peak:        0.997681

  Sample peak relative amplitude (precise):
    Peak:        0.997681

  True peak relative amplitude (calculated from ebur128 dBFS):
    Peak:        1.242839

  Preemphasis:   none detected

  Properties:
    Duration:    00:03:26.346
    Samples:     9099888
    Frames:      15476
    Pregap LSN:  131320 (duration: 00:00:00.000)
    Start LSN:   131320
    End LSN:     146795 (with offset: 146796)

  EAC CRC32:     C27E8DC8
  Accurip:       not found
    Accurip v1:  1D5F4823
    Accurip v2:  485A359F
    Accurip 450: 4A7291AF

  Metadata:
    mbid:                          9a66ff31-fc05-49f2-96a6-281771ce1cbe
    title:                         Strip No More
    artist:                        Lukas Graham
    track:                         9
    tracktotal:                    11
    disc_mcn:                      0093624921806
    discid:                        gfwKYf.2V3eQV2ydZSNiBn7G7.U-
    cddb:                          9409640B
    media_type:                    CD
    comment:                       cyanrip 0.9.3
    date:                          2016-04-01
    release_id:                    ee1a240a-cfd7-4428-a3b0-9394efe01822
    album:                         Lukas Graham
    barcode:                       093624921806
    packaging:                     Cardboard/Paper Sleeve
    country:                       NL
    status:                        Official
    album_artist:                  Lukas Graham
    totaldiscs:                    1
    disc:                          1
    format:                        CD
    isrc:                          USWB11506525
    creation_time:                 2025-09-25T04:37:11
    REPLAYGAIN_TRACK_GAIN:         -9.09 dB
    R128_TRACK_GAIN:               -1047
    REPLAYGAIN_TRACK_RANGE:        6.78 dB
    REPLAYGAIN_TRACK_PEAK:         1.242839
    REPLAYGAIN_REFERENCE_LOUDNESS: -18.00 LUFS

  Embedded cover art:
    Front: 1675x1463 Motion JPEG

  File(s):
    Lukas Graham - Lukas Graham [2016] [CD FLAC]/09 - Strip No More.flac

Track 10 ripped and encoded successfully!
Summary:

  Integrated loudness:
    I:          -9.4 LUFS
    Threshold: -19.6 LUFS

  Loudness range:
    LRA:         4.7 LU
    Threshold: -29.6 LUFS
    LRA low:   -12.4 LUFS
    LRA high:   -7.7 LUFS

  Sample peak:
    Peak:       -0.0 dBFS

  True peak:
    Peak:        1.0 dBFS

  Sample peak relative amplitude (calculated from ebur128 dBFS):
    Peak:        0.998840

  Sample peak relative amplitude (precise):
    Peak:        0.998840

  True peak relative amplitude (calculated from ebur128 dBFS):
    Peak:        1.119889

  Preemphasis:   none detected

  Properties:
    Duration:    00:03:22.893
    Samples:     8947596
    Frames:      15217
    Pregap LSN:  146796 (duration: 00:00:00.000)
    Start LSN:   146796
    End LSN:     162012 (with offset: 162013)

  EAC CRC32:     F06F0D31
  Accurip:       not found
    Accurip v1:  8ABB2D49
    Accurip v2:  7AA1CBBE
    Accurip 450: 7727914C

  Metadata:
    mbid:                          fe0138c0-3d66-44e2-ad57-1f4b380ec08c
    title:                         You’re Not There
    artist:                        Lukas Graham
    track:                         10
    tracktotal:                    11
    disc_mcn:                      0093624921806
    discid:                        gfwKYf.2V3eQV2ydZSNiBn7G7.U-
    cddb:                          9409640B
    media_type:                    CD
    comment:                       cyanrip 0.9.3
    date:                          2016-04-01
    release_id:                    ee1a240a-cfd7-4428-a3b0-9394efe01822
    album:                         Lukas Graham
    barcode:                       093624921806
    packaging:                     Cardboard/Paper Sleeve
    country:                       NL
    status:                        Official
    album_artist:                  Lukas Graham
    totaldiscs:                    1
    disc:                          1
    format:                        CD
    isrc:                          USWB11600037
    creation_time:                 2025-09-25T04:39:10
    REPLAYGAIN_TRACK_GAIN:         -8.63 dB
    R128_TRACK_GAIN:               -929
    REPLAYGAIN_TRACK_RANGE:        4.74 dB
    REPLAYGAIN_TRACK_PEAK:         1.119889
    REPLAYGAIN_REFERENCE_LOUDNESS: -18.00 LUFS

  Embedded cover art:
    Front: 1675x1463 Motion JPEG

  File(s):
    Lukas Graham - Lukas Graham [2016] [CD FLAC]/10 - You’re Not There.flac

Track 11 ripped and encoded successfully!
Summary:

  Integrated loudness:
    I:          -8.6 LUFS
    Threshold: -19.4 LUFS

  Loudness range:
    LRA:        13.5 LU
    Threshold: -29.4 LUFS
    LRA low:   -19.0 LUFS
    LRA high:   -5.6 LUFS

  Sample peak:
    Peak:       -0.0 dBFS

  True peak:
    Peak:        0.9 dBFS

  Sample peak relative amplitude (calculated from ebur128 dBFS):
    Peak:        0.998840

  Sample peak relative amplitude (precise):
    Peak:        0.998840

  True peak relative amplitude (calculated from ebur128 dBFS):
    Peak:        1.106184

  Preemphasis:   none detected

  Properties:
    Duration:    00:04:04.626
    Samples:     10788036
    Frames:      18347
    Pregap LSN:  162013 (duration: 00:00:00.000)
    Start LSN:   162013
    End LSN:     180359
    Appended:    1 frames of silence

  EAC CRC32:     C3A4EA91
  Accurip:       not found
    Accurip v1:  BEB3FF9B
    Accurip v2:  11B18439
    Accurip 450: BD9F8A53

  Metadata:
    mbid:                          4a9cce70-5019-42be-a0f6-2fafbfdd3301
    title:                         Funeral
    artist:                        Lukas Graham
    track:                         11
    tracktotal:                    11
    disc_mcn:                      0093624921806
    discid:                        gfwKYf.2V3eQV2ydZSNiBn7G7.U-
    cddb:                          9409640B
    media_type:                    CD
    comment:                       cyanrip 0.9.3
    date:                          2016-04-01
    release_id:                    ee1a240a-cfd7-4428-a3b0-9394efe01822
    album:                         Lukas Graham
    barcode:                       093624921806
    packaging:                     Cardboard/Paper Sleeve
    country:                       NL
    status:                        Official
    album_artist:                  Lukas Graham
    totaldiscs:                    1
    disc:                          1
    format:                        CD
    isrc:                          USWB11506527
    creation_time:                 2025-09-25T04:41:09
    REPLAYGAIN_TRACK_GAIN:         -9.45 dB
    R128_TRACK_GAIN:               -1138
    REPLAYGAIN_TRACK_RANGE:        13.46 dB
    REPLAYGAIN_TRACK_PEAK:         1.106184
    REPLAYGAIN_REFERENCE_LOUDNESS: -18.00 LUFS

  Embedded cover art:
    Front: 1675x1463 Motion JPEG

  File(s):
    Lukas Graham - Lukas Graham [2016] [CD FLAC]/11 - Funeral.flac

Album Loudness Summary:

  Integrated loudness:
    I:          -8.4 LUFS
    Threshold: -18.7 LUFS

  Loudness range:
    LRA:        10.0 LU
    Threshold: -28.7 LUFS
    LRA low:   -15.5 LUFS
    LRA high:   -5.4 LUFS

  Sample peak:
    Peak:       -0.0 dBFS

  True peak:
    Peak:        1.9 dBFS

Paranoia status counts:
  READ:          54561
  VERIFY:        10515
  OVERLAP:       2230

Ripping errors: 0
Ripping finished at 2025-09-25T04:43:22
Log FUN512: Xd4TOijCsykzAVObrmquNHEuEA7TBinR0mb16VtvLUp91Qp6EYF5lVlwtvZy6ejtntsa0vPCA4MWCwSAnsTDRw
