cyanrip 0.9.3-uf0.6 (661d8f0)
Drive used:     error retrieving drive info
System device:  /dev/rdisk31
Offset:         +6 samples
Overread:       +1 frame
Overread mode:  fill with silence in lead-in/lead-out
Speed:          default (unchangeable)
C2 errors:      unsupported by drive
Paranoia level: max
Frame retries:  10
HDCD decoding:  disabled
Album Art:      none
Outputs:        flac
Disc number:    1
Total discs:    1
Disc tracks:    13
Tracks to rip:  all
DiscID:         Bw4Hq3LzVurV8E2vEAuANZB4xCc-
Release ID:     1409842d-0e6c-40e3-aca2-2ff630205d86
CDDB ID:        A50C480D
Album:          Universal
Album artist:   Michael Schenker Group
AccurateRip:    found
Total time:     00:52:24.239

Gaps:
    0 frame pregap in track 1, unmerged
    34 frame pregap in track 2, merging into track 1
    0 frame pregap in track 3, merging into track 2
    0 frame pregap in track 4, merging into track 3
    80 frame pregap in track 5, merging into track 4
    35 frame pregap in track 6, merging into track 5
    58 frame pregap in track 7, merging into track 6
    70 frame pregap in track 8, merging into track 7
    41 frame pregap in track 9, merging into track 8
    52 frame pregap in track 10, merging into track 9
    71 frame pregap in track 11, merging into track 10
    66 frame pregap in track 12, merging into track 11
    38 frame pregap in track 13, merging into track 12

Tracks:
Track 1 ripped and encoded successfully!
Summary:

  Integrated loudness:
    I:          -7.2 LUFS
    Threshold: -17.3 LUFS

  Loudness range:
    LRA:         1.9 LU
    Threshold: -27.2 LUFS
    LRA low:    -8.3 LUFS
    LRA high:   -6.4 LUFS

  Sample peak:
    Peak:       -0.5 dBFS

  True peak:
    Peak:       -0.5 dBFS

  Sample peak relative amplitude (calculated from ebur128 dBFS):
    Peak:        0.943359

  Sample peak relative amplitude (precise):
    Peak:        0.943359

  True peak relative amplitude (calculated from ebur128 dBFS):
    Peak:        0.943559

  Preemphasis:   none detected

  Properties:
    Duration:    00:03:49.319
    Samples:     10113012
    Frames:      17199
    Pregap LSN:  0 (duration: 00:00:02.000)
    Start LSN:   0
    End LSN:     17198 (with offset: 17199)

  EAC CRC32:     7E998BBE
  Accurip:       disc found in database (max confidence: 44)
    Accurip v1:  FC942BBE
    Accurip v2:  64CEB229 (accurately ripped, confidence 44)

  Metadata:
    mbid:                          5c23ac15-469e-459e-8940-30af2a9d51f2
    title:                         Emergency
    artist:                        Michael Schenker Group
    track:                         1
    tracktotal:                    13
    musicbrainz_discid:            Bw4Hq3LzVurV8E2vEAuANZB4xCc-
    cddb:                          A50C480D
    media:                         CD
    comment:                       cyanrip 0.9.3-uf0.6
    date:                          2022-06-27
    musicbrainz_albumid:           1409842d-0e6c-40e3-aca2-2ff630205d86
    format:                        CD
    barcode:                       4251981701271
    packaging:                     Digipak
    country:                       XE
    releasestatus:                 Official
    album_artist:                  Michael Schenker Group
    totaldiscs:                    1
    disc:                          1
    album:                         Universal
    creation_time:                 2025-10-08T01:19:27
    REPLAYGAIN_TRACK_GAIN:         -10.77 dB
    R128_TRACK_GAIN:               -1477
    REPLAYGAIN_TRACK_RANGE:        1.88 dB
    REPLAYGAIN_TRACK_PEAK:         0.943559
    REPLAYGAIN_REFERENCE_LOUDNESS: -18.00 LUFS

  File(s):
    Universal [FLAC]/01 - Emergency.flac

Track 2 ripped and encoded successfully!
Summary:

  Integrated loudness:
    I:          -7.1 LUFS
    Threshold: -17.2 LUFS

  Loudness range:
    LRA:         2.0 LU
    Threshold: -27.2 LUFS
    LRA low:    -8.2 LUFS
    LRA high:   -6.2 LUFS

  Sample peak:
    Peak:       -0.5 dBFS

  True peak:
    Peak:       -0.5 dBFS

  Sample peak relative amplitude (calculated from ebur128 dBFS):
    Peak:        0.943481

  Sample peak relative amplitude (precise):
    Peak:        0.943481

  True peak relative amplitude (calculated from ebur128 dBFS):
    Peak:        0.943572

  Preemphasis:   none detected

  Properties:
    Duration:    00:04:37.013
    Samples:     12216288
    Frames:      20776
    Pregap LSN:  17165 (duration: 00:00:00.453)
    Start LSN:   17199
    End LSN:     37974 (with offset: 37975)

  EAC CRC32:     45F0556D
  Accurip:       disc found in database (max confidence: 44)
    Accurip v1:  F40075A3
    Accurip v2:  293A9ADC (accurately ripped, confidence 44)

  Metadata:
    mbid:                          2be0749b-0a26-4c9b-80b1-32e654a879ac
    title:                         Under Attack
    artist:                        Michael Schenker Group
    track:                         2
    tracktotal:                    13
    musicbrainz_discid:            Bw4Hq3LzVurV8E2vEAuANZB4xCc-
    cddb:                          A50C480D
    media:                         CD
    comment:                       cyanrip 0.9.3-uf0.6
    date:                          2022-06-27
    musicbrainz_albumid:           1409842d-0e6c-40e3-aca2-2ff630205d86
    format:                        CD
    barcode:                       4251981701271
    packaging:                     Digipak
    country:                       XE
    releasestatus:                 Official
    album_artist:                  Michael Schenker Group
    totaldiscs:                    1
    disc:                          1
    album:                         Universal
    creation_time:                 2025-10-08T01:21:01
    REPLAYGAIN_TRACK_GAIN:         -10.85 dB
    R128_TRACK_GAIN:               -1499
    REPLAYGAIN_TRACK_RANGE:        1.99 dB
    REPLAYGAIN_TRACK_PEAK:         0.943572
    REPLAYGAIN_REFERENCE_LOUDNESS: -18.00 LUFS

  File(s):
    Universal [FLAC]/02 - Under Attack.flac

Track 3 ripped and encoded successfully!
Summary:

  Integrated loudness:
    I:         -19.5 LUFS
    Threshold: -29.7 LUFS

  Loudness range:
    LRA:         3.2 LU
    Threshold: -39.5 LUFS
    LRA low:   -21.1 LUFS
    LRA high:  -17.9 LUFS

  Sample peak:
    Peak:       -8.6 dBFS

  True peak:
    Peak:       -8.6 dBFS

  Sample peak relative amplitude (calculated from ebur128 dBFS):
    Peak:        0.370331

  Sample peak relative amplitude (precise):
    Peak:        0.434174

  True peak relative amplitude (calculated from ebur128 dBFS):
    Peak:        0.370356

  Preemphasis:   none detected

  Properties:
    Duration:    00:00:39.466
    Samples:     1740480
    Frames:      2960
    Pregap LSN:  37975 (duration: 00:00:00.000)
    Start LSN:   37975
    End LSN:     40934 (with offset: 40935)

  EAC CRC32:     EAA68D18
  Accurip:       disc found in database (max confidence: 44)
    Accurip v1:  2DC45017
    Accurip v2:  BF80A40D (accurately ripped, confidence 44)

  Metadata:
    mbid:                          619dd3a1-a48b-4672-88fd-8d38f7c4ad9f
    title:                         Calling Baal
    artist:                        Michael Schenker Group
    track:                         3
    tracktotal:                    13
    musicbrainz_discid:            Bw4Hq3LzVurV8E2vEAuANZB4xCc-
    cddb:                          A50C480D
    media:                         CD
    comment:                       cyanrip 0.9.3-uf0.6
    date:                          2022-06-27
    musicbrainz_albumid:           1409842d-0e6c-40e3-aca2-2ff630205d86
    format:                        CD
    barcode:                       4251981701271
    packaging:                     Digipak
    country:                       XE
    releasestatus:                 Official
    album_artist:                  Michael Schenker Group
    totaldiscs:                    1
    disc:                          1
    album:                         Universal
    creation_time:                 2025-10-08T01:22:40
    REPLAYGAIN_TRACK_GAIN:         1.53 dB
    R128_TRACK_GAIN:               1672
    REPLAYGAIN_TRACK_RANGE:        3.16 dB
    REPLAYGAIN_TRACK_PEAK:         0.370356
    REPLAYGAIN_REFERENCE_LOUDNESS: -18.00 LUFS

  File(s):
    Universal [FLAC]/03 - Calling Baal.flac

Track 4 ripped and encoded successfully!
Summary:

  Integrated loudness:
    I:          -7.3 LUFS
    Threshold: -17.4 LUFS

  Loudness range:
    LRA:         1.0 LU
    Threshold: -27.4 LUFS
    LRA low:    -7.8 LUFS
    LRA high:   -6.8 LUFS

  Sample peak:
    Peak:       -0.5 dBFS

  True peak:
    Peak:       -0.5 dBFS

  Sample peak relative amplitude (calculated from ebur128 dBFS):
    Peak:        0.943298

  Sample peak relative amplitude (precise):
    Peak:        0.943298

  True peak relative amplitude (calculated from ebur128 dBFS):
    Peak:        0.943338

  Preemphasis:   none detected

  Properties:
    Duration:    00:04:53.906
    Samples:     12961284
    Frames:      22043
    Pregap LSN:  40935 (duration: 00:00:00.000)
    Start LSN:   40935
    End LSN:     62977 (with offset: 62978)

  EAC CRC32:     79623CFF
  Accurip:       disc found in database (max confidence: 44)
    Accurip v1:  4C1C5220
    Accurip v2:  D3A216A0 (accurately ripped, confidence 44)

  Metadata:
    mbid:                          29c2f959-d25c-4946-aa3f-dff6d69c19c9
    title:                         A King Has Gone
    artist:                        Michael Schenker Group
    track:                         4
    tracktotal:                    13
    musicbrainz_discid:            Bw4Hq3LzVurV8E2vEAuANZB4xCc-
    cddb:                          A50C480D
    media:                         CD
    comment:                       cyanrip 0.9.3-uf0.6
    date:                          2022-06-27
    musicbrainz_albumid:           1409842d-0e6c-40e3-aca2-2ff630205d86
    format:                        CD
    barcode:                       4251981701271
    packaging:                     Digipak
    country:                       XE
    releasestatus:                 Official
    album_artist:                  Michael Schenker Group
    totaldiscs:                    1
    disc:                          1
    album:                         Universal
    creation_time:                 2025-10-08T01:22:54
    REPLAYGAIN_TRACK_GAIN:         -10.67 dB
    R128_TRACK_GAIN:               -1451
    REPLAYGAIN_TRACK_RANGE:        0.98 dB
    REPLAYGAIN_TRACK_PEAK:         0.943338
    REPLAYGAIN_REFERENCE_LOUDNESS: -18.00 LUFS

  File(s):
    Universal [FLAC]/04 - A King Has Gone.flac

Track 5 ripped and encoded successfully!
Summary:

  Integrated loudness:
    I:          -7.0 LUFS
    Threshold: -17.0 LUFS

  Loudness range:
    LRA:         5.9 LU
    Threshold: -27.0 LUFS
    LRA low:   -11.3 LUFS
    LRA high:   -5.4 LUFS

  Sample peak:
    Peak:       -0.5 dBFS

  True peak:
    Peak:       -0.5 dBFS

  Sample peak relative amplitude (calculated from ebur128 dBFS):
    Peak:        0.943481

  Sample peak relative amplitude (precise):
    Peak:        0.943481

  True peak relative amplitude (calculated from ebur128 dBFS):
    Peak:        0.943591

  Preemphasis:   none detected

  Properties:
    Duration:    00:04:20.986
    Samples:     11509512
    Frames:      19574
    Pregap LSN:  62898 (duration: 00:00:01.066)
    Start LSN:   62978
    End LSN:     82551 (with offset: 82552)

  EAC CRC32:     518D5142
  Accurip:       disc found in database (max confidence: 44)
    Accurip v1:  A30D7D85
    Accurip v2:  5568E064 (accurately ripped, confidence 44)

  Metadata:
    mbid:                          0b50d3de-4489-4b75-b80b-17952a207041
    title:                         The Universe
    artist:                        Michael Schenker Group
    track:                         5
    tracktotal:                    13
    musicbrainz_discid:            Bw4Hq3LzVurV8E2vEAuANZB4xCc-
    cddb:                          A50C480D
    media:                         CD
    comment:                       cyanrip 0.9.3-uf0.6
    date:                          2022-06-27
    musicbrainz_albumid:           1409842d-0e6c-40e3-aca2-2ff630205d86
    format:                        CD
    barcode:                       4251981701271
    packaging:                     Digipak
    country:                       XE
    releasestatus:                 Official
    album_artist:                  Michael Schenker Group
    totaldiscs:                    1
    disc:                          1
    album:                         Universal
    creation_time:                 2025-10-08T01:24:31
    REPLAYGAIN_TRACK_GAIN:         -11.04 dB
    R128_TRACK_GAIN:               -1546
    REPLAYGAIN_TRACK_RANGE:        5.89 dB
    REPLAYGAIN_TRACK_PEAK:         0.943591
    REPLAYGAIN_REFERENCE_LOUDNESS: -18.00 LUFS

  File(s):
    Universal [FLAC]/05 - The Universe.flac

Track 6 ripped and encoded successfully!
Summary:

  Integrated loudness:
    I:          -7.0 LUFS
    Threshold: -17.0 LUFS

  Loudness range:
    LRA:         1.9 LU
    Threshold: -27.0 LUFS
    LRA low:    -7.8 LUFS
    LRA high:   -5.9 LUFS

  Sample peak:
    Peak:       -0.5 dBFS

  True peak:
    Peak:       -0.5 dBFS

  Sample peak relative amplitude (calculated from ebur128 dBFS):
    Peak:        0.943573

  Sample peak relative amplitude (precise):
    Peak:        0.943634

  True peak relative amplitude (calculated from ebur128 dBFS):
    Peak:        0.943700

  Preemphasis:   none detected

  Properties:
    Duration:    00:04:17.920
    Samples:     11374272
    Frames:      19344
    Pregap LSN:  82517 (duration: 00:00:00.466)
    Start LSN:   82552
    End LSN:     101895 (with offset: 101896)

  EAC CRC32:     A01135CE
  Accurip:       disc found in database (max confidence: 44)
    Accurip v1:  B1C38D10
    Accurip v2:  24B6739B (accurately ripped, confidence 44)

  Metadata:
    mbid:                          a549a5ad-ab18-46f4-82e5-cf721e9168e1
    title:                         Long Long Road
    artist:                        Michael Schenker Group
    track:                         6
    tracktotal:                    13
    musicbrainz_discid:            Bw4Hq3LzVurV8E2vEAuANZB4xCc-
    cddb:                          A50C480D
    media:                         CD
    comment:                       cyanrip 0.9.3-uf0.6
    date:                          2022-06-27
    musicbrainz_albumid:           1409842d-0e6c-40e3-aca2-2ff630205d86
    format:                        CD
    barcode:                       4251981701271
    packaging:                     Digipak
    country:                       XE
    releasestatus:                 Official
    album_artist:                  Michael Schenker Group
    totaldiscs:                    1
    disc:                          1
    album:                         Universal
    creation_time:                 2025-10-08T01:25:57
    REPLAYGAIN_TRACK_GAIN:         -11.04 dB
    R128_TRACK_GAIN:               -1545
    REPLAYGAIN_TRACK_RANGE:        1.87 dB
    REPLAYGAIN_TRACK_PEAK:         0.943700
    REPLAYGAIN_REFERENCE_LOUDNESS: -18.00 LUFS

  File(s):
    Universal [FLAC]/06 - Long Long Road.flac

Track 7 ripped and encoded successfully!
Summary:

  Integrated loudness:
    I:          -6.6 LUFS
    Threshold: -16.6 LUFS

  Loudness range:
    LRA:         2.2 LU
    Threshold: -26.6 LUFS
    LRA low:    -7.7 LUFS
    LRA high:   -5.5 LUFS

  Sample peak:
    Peak:       -0.5 dBFS

  True peak:
    Peak:       -0.5 dBFS

  Sample peak relative amplitude (calculated from ebur128 dBFS):
    Peak:        0.943878

  Sample peak relative amplitude (precise):
    Peak:        0.943878

  True peak relative amplitude (calculated from ebur128 dBFS):
    Peak:        0.943880

  Preemphasis:   none detected

  Properties:
    Duration:    00:04:08.986
    Samples:     10980312
    Frames:      18674
    Pregap LSN:  101838 (duration: 00:00:00.773)
    Start LSN:   101896
    End LSN:     120569 (with offset: 120570)

  EAC CRC32:     03258E59
  Accurip:       disc found in database (max confidence: 44)
    Accurip v1:  9630292D
    Accurip v2:  6F496ABD (accurately ripped, confidence 44)

  Metadata:
    mbid:                          7e340d62-53ba-4c3c-87a8-3efb93d7c3cc
    title:                         Wrecking Ball
    artist:                        Michael Schenker Group
    track:                         7
    tracktotal:                    13
    musicbrainz_discid:            Bw4Hq3LzVurV8E2vEAuANZB4xCc-
    cddb:                          A50C480D
    media:                         CD
    comment:                       cyanrip 0.9.3-uf0.6
    date:                          2022-06-27
    musicbrainz_albumid:           1409842d-0e6c-40e3-aca2-2ff630205d86
    format:                        CD
    barcode:                       4251981701271
    packaging:                     Digipak
    country:                       XE
    releasestatus:                 Official
    album_artist:                  Michael Schenker Group
    totaldiscs:                    1
    disc:                          1
    album:                         Universal
    creation_time:                 2025-10-08T01:27:11
    REPLAYGAIN_TRACK_GAIN:         -11.43 dB
    R128_TRACK_GAIN:               -1645
    REPLAYGAIN_TRACK_RANGE:        2.22 dB
    REPLAYGAIN_TRACK_PEAK:         0.943880
    REPLAYGAIN_REFERENCE_LOUDNESS: -18.00 LUFS

  File(s):
    Universal [FLAC]/07 - Wrecking Ball.flac

Track 8 ripped and encoded successfully!
Summary:

  Integrated loudness:
    I:          -7.3 LUFS
    Threshold: -17.7 LUFS

  Loudness range:
    LRA:         6.0 LU
    Threshold: -27.7 LUFS
    LRA low:   -12.5 LUFS
    LRA high:   -6.5 LUFS

  Sample peak:
    Peak:       -0.5 dBFS

  True peak:
    Peak:       -0.5 dBFS

  Sample peak relative amplitude (calculated from ebur128 dBFS):
    Peak:        0.943420

  Sample peak relative amplitude (precise):
    Peak:        0.943481

  True peak relative amplitude (calculated from ebur128 dBFS):
    Peak:        0.943434

  Preemphasis:   none detected

  Properties:
    Duration:    00:04:01.706
    Samples:     10659264
    Frames:      18128
    Pregap LSN:  120500 (duration: 00:00:00.933)
    Start LSN:   120570
    End LSN:     138697 (with offset: 138698)

  EAC CRC32:     4EFA50CC
  Accurip:       disc found in database (max confidence: 44)
    Accurip v1:  0B55648D
    Accurip v2:  DEEB35AE (accurately ripped, confidence 44)

  Metadata:
    mbid:                          13e7cb78-4933-4fb4-bc28-f06a55cc9ea0
    title:                         Yesterday Is Dead
    artist:                        Michael Schenker Group
    track:                         8
    tracktotal:                    13
    musicbrainz_discid:            Bw4Hq3LzVurV8E2vEAuANZB4xCc-
    cddb:                          A50C480D
    media:                         CD
    comment:                       cyanrip 0.9.3-uf0.6
    date:                          2022-06-27
    musicbrainz_albumid:           1409842d-0e6c-40e3-aca2-2ff630205d86
    format:                        CD
    barcode:                       4251981701271
    packaging:                     Digipak
    country:                       XE
    releasestatus:                 Official
    album_artist:                  Michael Schenker Group
    totaldiscs:                    1
    disc:                          1
    album:                         Universal
    creation_time:                 2025-10-08T01:28:19
    REPLAYGAIN_TRACK_GAIN:         -10.70 dB
    R128_TRACK_GAIN:               -1459
    REPLAYGAIN_TRACK_RANGE:        5.98 dB
    REPLAYGAIN_TRACK_PEAK:         0.943434
    REPLAYGAIN_REFERENCE_LOUDNESS: -18.00 LUFS

  File(s):
    Universal [FLAC]/08 - Yesterday Is Dead.flac

Track 9 ripped and encoded successfully!
Summary:

  Integrated loudness:
    I:          -8.2 LUFS
    Threshold: -18.2 LUFS

  Loudness range:
    LRA:         1.5 LU
    Threshold: -28.2 LUFS
    LRA low:    -9.0 LUFS
    LRA high:   -7.4 LUFS

  Sample peak:
    Peak:       -0.5 dBFS

  True peak:
    Peak:       -0.5 dBFS

  Sample peak relative amplitude (calculated from ebur128 dBFS):
    Peak:        0.943695

  Sample peak relative amplitude (precise):
    Peak:        0.943695

  True peak relative amplitude (calculated from ebur128 dBFS):
    Peak:        0.943694

  Preemphasis:   none detected

  Properties:
    Duration:    00:04:30.946
    Samples:     11948748
    Frames:      20321
    Pregap LSN:  138657 (duration: 00:00:00.546)
    Start LSN:   138698
    End LSN:     159018 (with offset: 159019)

  EAC CRC32:     4F8B0F15
  Accurip:       disc found in database (max confidence: 44)
    Accurip v1:  C5A8E4D3
    Accurip v2:  D644A577 (accurately ripped, confidence 44)

  Metadata:
    mbid:                          c60804d6-8002-44da-a06a-e5b0552daa4a
    title:                         London Calling
    artist:                        Michael Schenker Group
    track:                         9
    tracktotal:                    13
    musicbrainz_discid:            Bw4Hq3LzVurV8E2vEAuANZB4xCc-
    cddb:                          A50C480D
    media:                         CD
    comment:                       cyanrip 0.9.3-uf0.6
    date:                          2022-06-27
    musicbrainz_albumid:           1409842d-0e6c-40e3-aca2-2ff630205d86
    format:                        CD
    barcode:                       4251981701271
    packaging:                     Digipak
    country:                       XE
    releasestatus:                 Official
    album_artist:                  Michael Schenker Group
    totaldiscs:                    1
    disc:                          1
    album:                         Universal
    creation_time:                 2025-10-08T01:29:22
    REPLAYGAIN_TRACK_GAIN:         -9.83 dB
    R128_TRACK_GAIN:               -1237
    REPLAYGAIN_TRACK_RANGE:        1.53 dB
    REPLAYGAIN_TRACK_PEAK:         0.943694
    REPLAYGAIN_REFERENCE_LOUDNESS: -18.00 LUFS

  File(s):
    Universal [FLAC]/09 - London Calling.flac

Track 10 ripped and encoded successfully!
Summary:

  Integrated loudness:
    I:          -8.0 LUFS
    Threshold: -18.2 LUFS

  Loudness range:
    LRA:         3.7 LU
    Threshold: -28.2 LUFS
    LRA low:   -10.4 LUFS
    LRA high:   -6.6 LUFS

  Sample peak:
    Peak:       -0.5 dBFS

  True peak:
    Peak:       -0.5 dBFS

  Sample peak relative amplitude (calculated from ebur128 dBFS):
    Peak:        0.943481

  Sample peak relative amplitude (precise):
    Peak:        0.943542

  True peak relative amplitude (calculated from ebur128 dBFS):
    Peak:        0.943640

  Preemphasis:   none detected

  Properties:
    Duration:    00:04:37.240
    Samples:     12226284
    Frames:      20793
    Pregap LSN:  158967 (duration: 00:00:00.693)
    Start LSN:   159019
    End LSN:     179811 (with offset: 179812)

  EAC CRC32:     E2EE96B3
  Accurip:       disc found in database (max confidence: 44)
    Accurip v1:  01E9CD62
    Accurip v2:  D510518B (accurately ripped, confidence 44)

  Metadata:
    mbid:                          7bd97899-f8f7-4bfc-ac50-dc37e2f7c17c
    title:                         Sad Is the Song
    artist:                        Michael Schenker Group
    track:                         10
    tracktotal:                    13
    musicbrainz_discid:            Bw4Hq3LzVurV8E2vEAuANZB4xCc-
    cddb:                          A50C480D
    media:                         CD
    comment:                       cyanrip 0.9.3-uf0.6
    date:                          2022-06-27
    musicbrainz_albumid:           1409842d-0e6c-40e3-aca2-2ff630205d86
    format:                        CD
    barcode:                       4251981701271
    packaging:                     Digipak
    country:                       XE
    releasestatus:                 Official
    album_artist:                  Michael Schenker Group
    totaldiscs:                    1
    disc:                          1
    album:                         Universal
    creation_time:                 2025-10-08T01:30:29
    REPLAYGAIN_TRACK_GAIN:         -9.96 dB
    R128_TRACK_GAIN:               -1271
    REPLAYGAIN_TRACK_RANGE:        3.74 dB
    REPLAYGAIN_TRACK_PEAK:         0.943640
    REPLAYGAIN_REFERENCE_LOUDNESS: -18.00 LUFS

  File(s):
    Universal [FLAC]/10 - Sad Is the Song.flac

Track 11 ripped and encoded successfully!
Summary:

  Integrated loudness:
    I:          -6.6 LUFS
    Threshold: -16.8 LUFS

  Loudness range:
    LRA:         2.0 LU
    Threshold: -26.8 LUFS
    LRA low:    -7.8 LUFS
    LRA high:   -5.8 LUFS

  Sample peak:
    Peak:       -0.5 dBFS

  True peak:
    Peak:       -0.5 dBFS

  Sample peak relative amplitude (calculated from ebur128 dBFS):
    Peak:        0.943726

  Sample peak relative amplitude (precise):
    Peak:        0.943848

  True peak relative amplitude (calculated from ebur128 dBFS):
    Peak:        0.943786

  Preemphasis:   none detected

  Properties:
    Duration:    00:03:30.319
    Samples:     9275112
    Frames:      15774
    Pregap LSN:  179741 (duration: 00:00:00.946)
    Start LSN:   179812
    End LSN:     195585 (with offset: 195586)

  EAC CRC32:     318207F7
  Accurip:       disc found in database (max confidence: 43)
    Accurip v1:  049A4E59
    Accurip v2:  DF115F57 (accurately ripped, confidence 43)

  Metadata:
    mbid:                          6613f734-1f36-498e-9f9a-0a17f2ee1138
    title:                         Au Revoir
    artist:                        Michael Schenker Group
    track:                         11
    tracktotal:                    13
    musicbrainz_discid:            Bw4Hq3LzVurV8E2vEAuANZB4xCc-
    cddb:                          A50C480D
    media:                         CD
    comment:                       cyanrip 0.9.3-uf0.6
    date:                          2022-06-27
    musicbrainz_albumid:           1409842d-0e6c-40e3-aca2-2ff630205d86
    format:                        CD
    barcode:                       4251981701271
    packaging:                     Digipak
    country:                       XE
    releasestatus:                 Official
    album_artist:                  Michael Schenker Group
    totaldiscs:                    1
    disc:                          1
    album:                         Universal
    creation_time:                 2025-10-08T01:31:39
    REPLAYGAIN_TRACK_GAIN:         -11.36 dB
    R128_TRACK_GAIN:               -1629
    REPLAYGAIN_TRACK_RANGE:        1.97 dB
    REPLAYGAIN_TRACK_PEAK:         0.943786
    REPLAYGAIN_REFERENCE_LOUDNESS: -18.00 LUFS

  File(s):
    Universal [FLAC]/11 - Au Revoir.flac

Track 12 ripped and encoded successfully!
Summary:

  Integrated loudness:
    I:          -7.1 LUFS
    Threshold: -17.2 LUFS

  Loudness range:
    LRA:         2.6 LU
    Threshold: -27.2 LUFS
    LRA low:    -8.5 LUFS
    LRA high:   -5.9 LUFS

  Sample peak:
    Peak:       -0.5 dBFS

  True peak:
    Peak:       -0.5 dBFS

  Sample peak relative amplitude (calculated from ebur128 dBFS):
    Peak:        0.943542

  Sample peak relative amplitude (precise):
    Peak:        0.943695

  True peak relative amplitude (calculated from ebur128 dBFS):
    Peak:        0.943751

  Preemphasis:   none detected

  Properties:
    Duration:    00:04:45.093
    Samples:     12572616
    Frames:      21382
    Pregap LSN:  195520 (duration: 00:00:00.880)
    Start LSN:   195586
    End LSN:     216967 (with offset: 216968)

  EAC CRC32:     365D3496
  Accurip:       disc found in database (max confidence: 44)
    Accurip v1:  437F66F8
    Accurip v2:  29F33B9D (accurately ripped, confidence 44)

  Metadata:
    mbid:                          4dba40c2-d670-4cf0-9a3e-5a280ef4774a
    title:                         Turn Off the World
    artist:                        Michael Schenker Group
    track:                         12
    tracktotal:                    13
    musicbrainz_discid:            Bw4Hq3LzVurV8E2vEAuANZB4xCc-
    cddb:                          A50C480D
    media:                         CD
    comment:                       cyanrip 0.9.3-uf0.6
    date:                          2022-06-27
    musicbrainz_albumid:           1409842d-0e6c-40e3-aca2-2ff630205d86
    format:                        CD
    barcode:                       4251981701271
    packaging:                     Digipak
    country:                       XE
    releasestatus:                 Official
    album_artist:                  Michael Schenker Group
    totaldiscs:                    1
    disc:                          1
    album:                         Universal
    creation_time:                 2025-10-08T01:32:29
    REPLAYGAIN_TRACK_GAIN:         -10.89 dB
    R128_TRACK_GAIN:               -1507
    REPLAYGAIN_TRACK_RANGE:        2.56 dB
    REPLAYGAIN_TRACK_PEAK:         0.943751
    REPLAYGAIN_REFERENCE_LOUDNESS: -18.00 LUFS

  File(s):
    Universal [FLAC]/12 - Turn Off the World.flac

Track 13 ripped and encoded successfully!
Summary:

  Integrated loudness:
    I:          -8.2 LUFS
    Threshold: -18.4 LUFS

  Loudness range:
    LRA:         2.8 LU
    Threshold: -28.3 LUFS
    LRA low:    -9.8 LUFS
    LRA high:   -7.0 LUFS

  Sample peak:
    Peak:       -0.5 dBFS

  True peak:
    Peak:       -0.5 dBFS

  Sample peak relative amplitude (calculated from ebur128 dBFS):
    Peak:        0.943176

  Sample peak relative amplitude (precise):
    Peak:        0.943176

  True peak relative amplitude (calculated from ebur128 dBFS):
    Peak:        0.943311

  Preemphasis:   none detected

  Properties:
    Duration:    00:04:11.333
    Samples:     11083800
    Frames:      18850
    Pregap LSN:  216930 (duration: 00:00:00.506)
    Start LSN:   216968
    End LSN:     235817
    Appended:    1 frames of silence

  EAC CRC32:     63435CF9
  Accurip:       disc found in database (max confidence: 43)
    Accurip v1:  9749C19B
    Accurip v2:  3A62CF48 (accurately ripped, confidence 43)

  Metadata:
    mbid:                          35ee94f6-14c6-44a5-bcf5-375f1fc92dba
    title:                         Fighter
    artist:                        Michael Schenker Group
    track:                         13
    tracktotal:                    13
    musicbrainz_discid:            Bw4Hq3LzVurV8E2vEAuANZB4xCc-
    cddb:                          A50C480D
    media:                         CD
    comment:                       cyanrip 0.9.3-uf0.6
    date:                          2022-06-27
    musicbrainz_albumid:           1409842d-0e6c-40e3-aca2-2ff630205d86
    format:                        CD
    barcode:                       4251981701271
    packaging:                     Digipak
    country:                       XE
    releasestatus:                 Official
    album_artist:                  Michael Schenker Group
    totaldiscs:                    1
    disc:                          1
    album:                         Universal
    creation_time:                 2025-10-08T01:33:36
    REPLAYGAIN_TRACK_GAIN:         -9.79 dB
    R128_TRACK_GAIN:               -1226
    REPLAYGAIN_TRACK_RANGE:        2.76 dB
    REPLAYGAIN_TRACK_PEAK:         0.943311
    REPLAYGAIN_REFERENCE_LOUDNESS: -18.00 LUFS

  File(s):
    Universal [FLAC]/13 - Fighter.flac

Album Loudness Summary:

  Integrated loudness:
    I:          -7.3 LUFS
    Threshold: -17.5 LUFS

  Loudness range:
    LRA:         3.3 LU
    Threshold: -27.5 LUFS
    LRA low:    -9.2 LUFS
    LRA high:   -5.9 LUFS

  Sample peak:
    Peak:       -0.5 dBFS

  True peak:
    Peak:       -0.5 dBFS

Tracks ripped accurately: 13/13

Paranoia status counts:
  READ:          73139
  VERIFY:        15215
  OVERLAP:       3334

Ripping errors: 0
Ripping finished at 2025-10-08T01:34:33
Log FUN512: pQuVemwytvpZsEJ6kD8_1CXO9I9dWysR2SeJTYXPpKj06FkVsoDNADe3QJGjYtBjj7zGm.Qb_Pk2FsSAc6R8Jw
